{"/Users/kirrg001/dev/instana/nodejs/packages/core/src/index.js":{"path":"/Users/kirrg001/dev/instana/nodejs/packages/core/src/index.js","statementMap":{"0":{"start":{"line":8,"column":12},"end":{"line":8,"column":31}},"1":{"start":{"line":9,"column":24},"end":{"line":9,"column":57}},"2":{"start":{"line":12,"column":27},"end":{"line":12,"column":58}},"3":{"start":{"line":13,"column":25},"end":{"line":13,"column":54}},"4":{"start":{"line":15,"column":16},"end":{"line":15,"column":36}},"5":{"start":{"line":16,"column":16},"end":{"line":16,"column":36}},"6":{"start":{"line":17,"column":16},"end":{"line":17,"column":36}},"7":{"start":{"line":18,"column":13},"end":{"line":18,"column":30}},"8":{"start":{"line":49,"column":2},"end":{"line":49,"column":79}},"9":{"start":{"line":53,"column":28},"end":{"line":53,"column":45}},"10":{"start":{"line":54,"column":2},"end":{"line":54,"column":45}},"11":{"start":{"line":55,"column":2},"end":{"line":55,"column":43}},"12":{"start":{"line":56,"column":2},"end":{"line":56,"column":37}},"13":{"start":{"line":59,"column":2},"end":{"line":59,"column":72}},"14":{"start":{"line":69,"column":2},"end":{"line":69,"column":53}},"15":{"start":{"line":70,"column":2},"end":{"line":70,"column":45}},"16":{"start":{"line":71,"column":2},"end":{"line":71,"column":35}},"17":{"start":{"line":72,"column":2},"end":{"line":72,"column":61}},"18":{"start":{"line":73,"column":2},"end":{"line":73,"column":32}},"19":{"start":{"line":74,"column":2},"end":{"line":74,"column":70}},"20":{"start":{"line":77,"column":0},"end":{"line":88,"column":2}}},"fnMap":{"0":{"name":"registerAdditionalInstrumentations","decl":{"start":{"line":48,"column":9},"end":{"line":48,"column":43}},"loc":{"start":{"line":48,"column":78},"end":{"line":50,"column":1}},"line":48},"1":{"name":"preInit","decl":{"start":{"line":52,"column":9},"end":{"line":52,"column":16}},"loc":{"start":{"line":52,"column":19},"end":{"line":60,"column":1}},"line":52},"2":{"name":"init","decl":{"start":{"line":68,"column":9},"end":{"line":68,"column":13}},"loc":{"start":{"line":68,"column":69},"end":{"line":75,"column":1}},"line":68}},"branchMap":{},"s":{"0":1,"1":1,"2":1,"3":1,"4":1,"5":1,"6":1,"7":1,"8":0,"9":0,"10":0,"11":0,"12":0,"13":0,"14":0,"15":0,"16":0,"17":0,"18":0,"19":0,"20":1},"f":{"0":0,"1":0,"2":0},"b":{},"_coverageSchema":"1a1c01bbd47fc00a2c39e90264f33305004495a9","hash":"7fbf0e4deff308bf07b49c8ce1c726469d923508","contentHash":"2e5d6d126be1df6e489662050b72ed0edc4656b0c2512dff027f3415e2b6206f"},"/Users/kirrg001/dev/instana/nodejs/packages/core/src/logger.js":{"path":"/Users/kirrg001/dev/instana/nodejs/packages/core/src/logger.js","statementMap":{"0":{"start":{"line":9,"column":19},"end":{"line":9,"column":23}},"1":{"start":{"line":11,"column":17},"end":{"line":11,"column":19}},"2":{"start":{"line":24,"column":22},"end":{"line":31,"column":1}},"3":{"start":{"line":41,"column":0},"end":{"line":70,"column":2}},"4":{"start":{"line":42,"column":2},"end":{"line":64,"column":3}},"5":{"start":{"line":50,"column":4},"end":{"line":50,"column":33}},"6":{"start":{"line":51,"column":9},"end":{"line":64,"column":3}},"7":{"start":{"line":54,"column":4},"end":{"line":57,"column":7}},"8":{"start":{"line":58,"column":9},"end":{"line":64,"column":3}},"9":{"start":{"line":60,"column":4},"end":{"line":60,"column":33}},"10":{"start":{"line":63,"column":4},"end":{"line":63,"column":33}},"11":{"start":{"line":66,"column":2},"end":{"line":69,"column":5}},"12":{"start":{"line":67,"column":21},"end":{"line":67,"column":41}},"13":{"start":{"line":68,"column":4},"end":{"line":68,"column":44}},"14":{"start":{"line":77,"column":0},"end":{"line":102,"column":2}},"15":{"start":{"line":78,"column":2},"end":{"line":80,"column":3}},"16":{"start":{"line":79,"column":4},"end":{"line":79,"column":21}},"17":{"start":{"line":84,"column":2},"end":{"line":92,"column":3}},"18":{"start":{"line":86,"column":4},"end":{"line":88,"column":7}},"19":{"start":{"line":91,"column":4},"end":{"line":91,"column":26}},"20":{"start":{"line":94,"column":2},"end":{"line":99,"column":3}},"21":{"start":{"line":95,"column":4},"end":{"line":97,"column":5}},"22":{"start":{"line":96,"column":6},"end":{"line":96,"column":63}},"23":{"start":{"line":98,"column":4},"end":{"line":98,"column":36}},"24":{"start":{"line":101,"column":2},"end":{"line":101,"column":16}},"25":{"start":{"line":109,"column":2},"end":{"line":114,"column":4}}},"fnMap":{"0":{"name":"init","decl":{"start":{"line":41,"column":24},"end":{"line":41,"column":28}},"loc":{"start":{"line":41,"column":42},"end":{"line":70,"column":1}},"line":41},"1":{"name":"(anonymous_1)","decl":{"start":{"line":66,"column":32},"end":{"line":66,"column":33}},"loc":{"start":{"line":66,"column":46},"end":{"line":69,"column":3}},"line":66},"2":{"name":"getLogger","decl":{"start":{"line":77,"column":29},"end":{"line":77,"column":38}},"loc":{"start":{"line":77,"column":61},"end":{"line":102,"column":1}},"line":77},"3":{"name":"hasLoggingFunctions","decl":{"start":{"line":108,"column":9},"end":{"line":108,"column":28}},"loc":{"start":{"line":108,"column":37},"end":{"line":115,"column":1}},"line":108}},"branchMap":{"0":{"loc":{"start":{"line":41,"column":29},"end":{"line":41,"column":40}},"type":"default-arg","locations":[{"start":{"line":41,"column":38},"end":{"line":41,"column":40}}],"line":41},"1":{"loc":{"start":{"line":42,"column":2},"end":{"line":64,"column":3}},"type":"if","locations":[{"start":{"line":42,"column":2},"end":{"line":64,"column":3}},{"start":{"line":42,"column":2},"end":{"line":64,"column":3}}],"line":42},"2":{"loc":{"start":{"line":43,"column":4},"end":{"line":46,"column":35}},"type":"binary-expr","locations":[{"start":{"line":43,"column":4},"end":{"line":43,"column":17}},{"start":{"line":44,"column":4},"end":{"line":44,"column":45}},{"start":{"line":45,"column":4},"end":{"line":45,"column":24}},{"start":{"line":46,"column":4},"end":{"line":46,"column":35}}],"line":43},"3":{"loc":{"start":{"line":51,"column":9},"end":{"line":64,"column":3}},"type":"if","locations":[{"start":{"line":51,"column":9},"end":{"line":64,"column":3}},{"start":{"line":51,"column":9},"end":{"line":64,"column":3}}],"line":51},"4":{"loc":{"start":{"line":51,"column":13},"end":{"line":51,"column":71}},"type":"binary-expr","locations":[{"start":{"line":51,"column":13},"end":{"line":51,"column":26}},{"start":{"line":51,"column":30},"end":{"line":51,"column":71}}],"line":51},"5":{"loc":{"start":{"line":58,"column":9},"end":{"line":64,"column":3}},"type":"if","locations":[{"start":{"line":58,"column":9},"end":{"line":64,"column":3}},{"start":{"line":58,"column":9},"end":{"line":64,"column":3}}],"line":58},"6":{"loc":{"start":{"line":58,"column":13},"end":{"line":58,"column":64}},"type":"binary-expr","locations":[{"start":{"line":58,"column":13},"end":{"line":58,"column":26}},{"start":{"line":58,"column":30},"end":{"line":58,"column":64}}],"line":58},"7":{"loc":{"start":{"line":78,"column":2},"end":{"line":80,"column":3}},"type":"if","locations":[{"start":{"line":78,"column":2},"end":{"line":80,"column":3}},{"start":{"line":78,"column":2},"end":{"line":80,"column":3}}],"line":78},"8":{"loc":{"start":{"line":84,"column":2},"end":{"line":92,"column":3}},"type":"if","locations":[{"start":{"line":84,"column":2},"end":{"line":92,"column":3}},{"start":{"line":84,"column":2},"end":{"line":92,"column":3}}],"line":84},"9":{"loc":{"start":{"line":94,"column":2},"end":{"line":99,"column":3}},"type":"if","locations":[{"start":{"line":94,"column":2},"end":{"line":99,"column":3}},{"start":{"line":94,"column":2},"end":{"line":99,"column":3}}],"line":94},"10":{"loc":{"start":{"line":95,"column":4},"end":{"line":97,"column":5}},"type":"if","locations":[{"start":{"line":95,"column":4},"end":{"line":97,"column":5}},{"start":{"line":95,"column":4},"end":{"line":97,"column":5}}],"line":95},"11":{"loc":{"start":{"line":110,"column":4},"end":{"line":113,"column":38}},"type":"binary-expr","locations":[{"start":{"line":110,"column":4},"end":{"line":110,"column":38}},{"start":{"line":111,"column":4},"end":{"line":111,"column":37}},{"start":{"line":112,"column":4},"end":{"line":112,"column":37}},{"start":{"line":113,"column":4},"end":{"line":113,"column":38}}],"line":110}},"s":{"0":1,"1":1,"2":1,"3":1,"4":1,"5":0,"6":1,"7":0,"8":1,"9":0,"10":1,"11":1,"12":0,"13":0,"14":1,"15":23,"16":1,"17":23,"18":0,"19":23,"20":23,"21":14,"22":0,"23":14,"24":23,"25":0},"f":{"0":1,"1":0,"2":23,"3":0},"b":{"0":[0],"1":[0,1],"2":[1,0,0,0],"3":[0,1],"4":[1,0],"5":[0,1],"6":[1,0],"7":[1,22],"8":[0,23],"9":[14,9],"10":[0,14],"11":[0,0,0,0]},"_coverageSchema":"1a1c01bbd47fc00a2c39e90264f33305004495a9","hash":"a8e272c94772e805abbb3119fd51fa7142da7d8c","contentHash":"bd63a8e415b34ddf91b6be5d2519eb2e126613102a01ec58a6ef04b94ffbed6b"},"/Users/kirrg001/dev/instana/nodejs/packages/core/src/util/normalizeConfig.js":{"path":"/Users/kirrg001/dev/instana/nodejs/packages/core/src/util/normalizeConfig.js","statementMap":{"0":{"start":{"line":10,"column":32},"end":{"line":10,"column":70}},"1":{"start":{"line":12,"column":18},"end":{"line":12,"column":49}},"2":{"start":{"line":89,"column":0},"end":{"line":91,"column":3}},"3":{"start":{"line":90,"column":2},"end":{"line":90,"column":21}},"4":{"start":{"line":94,"column":17},"end":{"line":127,"column":1}},"5":{"start":{"line":129,"column":32},"end":{"line":129,"column":60}},"6":{"start":{"line":131,"column":33},"end":{"line":131,"column":118}},"7":{"start":{"line":141,"column":0},"end":{"line":152,"column":2}},"8":{"start":{"line":142,"column":2},"end":{"line":144,"column":3}},"9":{"start":{"line":143,"column":4},"end":{"line":143,"column":16}},"10":{"start":{"line":146,"column":2},"end":{"line":146,"column":31}},"11":{"start":{"line":147,"column":2},"end":{"line":147,"column":35}},"12":{"start":{"line":148,"column":2},"end":{"line":148,"column":33}},"13":{"start":{"line":149,"column":2},"end":{"line":149,"column":33}},"14":{"start":{"line":150,"column":2},"end":{"line":150,"column":27}},"15":{"start":{"line":151,"column":2},"end":{"line":151,"column":16}},"16":{"start":{"line":158,"column":2},"end":{"line":160,"column":3}},"17":{"start":{"line":159,"column":4},"end":{"line":159,"column":61}},"18":{"start":{"line":161,"column":2},"end":{"line":166,"column":3}},"19":{"start":{"line":162,"column":4},"end":{"line":164,"column":6}},"20":{"start":{"line":165,"column":4},"end":{"line":165,"column":46}},"21":{"start":{"line":173,"column":2},"end":{"line":175,"column":3}},"22":{"start":{"line":174,"column":4},"end":{"line":174,"column":70}},"23":{"start":{"line":176,"column":2},"end":{"line":182,"column":3}},"24":{"start":{"line":177,"column":4},"end":{"line":179,"column":6}},"25":{"start":{"line":181,"column":4},"end":{"line":181,"column":34}},"26":{"start":{"line":189,"column":2},"end":{"line":191,"column":3}},"27":{"start":{"line":190,"column":4},"end":{"line":190,"column":24}},"28":{"start":{"line":193,"column":2},"end":{"line":198,"column":4}},"29":{"start":{"line":200,"column":2},"end":{"line":201,"column":95}},"30":{"start":{"line":209,"column":2},"end":{"line":211,"column":3}},"31":{"start":{"line":210,"column":4},"end":{"line":210,"column":24}},"32":{"start":{"line":212,"column":2},"end":{"line":212,"column":34}},"33":{"start":{"line":213,"column":2},"end":{"line":213,"column":36}},"34":{"start":{"line":214,"column":2},"end":{"line":214,"column":43}},"35":{"start":{"line":215,"column":2},"end":{"line":215,"column":39}},"36":{"start":{"line":216,"column":2},"end":{"line":216,"column":39}},"37":{"start":{"line":217,"column":2},"end":{"line":217,"column":31}},"38":{"start":{"line":218,"column":2},"end":{"line":218,"column":43}},"39":{"start":{"line":219,"column":2},"end":{"line":219,"column":35}},"40":{"start":{"line":220,"column":2},"end":{"line":220,"column":39}},"41":{"start":{"line":221,"column":2},"end":{"line":221,"column":46}},"42":{"start":{"line":222,"column":2},"end":{"line":222,"column":32}},"43":{"start":{"line":230,"column":2},"end":{"line":233,"column":3}},"44":{"start":{"line":231,"column":4},"end":{"line":231,"column":81}},"45":{"start":{"line":232,"column":4},"end":{"line":232,"column":11}},"46":{"start":{"line":234,"column":2},"end":{"line":236,"column":3}},"47":{"start":{"line":235,"column":4},"end":{"line":235,"column":11}},"48":{"start":{"line":237,"column":2},"end":{"line":241,"column":3}},"49":{"start":{"line":238,"column":4},"end":{"line":238,"column":119}},"50":{"start":{"line":239,"column":4},"end":{"line":239,"column":35}},"51":{"start":{"line":240,"column":4},"end":{"line":240,"column":11}},"52":{"start":{"line":243,"column":2},"end":{"line":243,"column":52}},"53":{"start":{"line":251,"column":2},"end":{"line":253,"column":3}},"54":{"start":{"line":252,"column":4},"end":{"line":252,"column":11}},"55":{"start":{"line":254,"column":2},"end":{"line":256,"column":3}},"56":{"start":{"line":255,"column":4},"end":{"line":255,"column":11}},"57":{"start":{"line":257,"column":2},"end":{"line":260,"column":3}},"58":{"start":{"line":258,"column":4},"end":{"line":258,"column":44}},"59":{"start":{"line":259,"column":4},"end":{"line":259,"column":11}},"60":{"start":{"line":262,"column":2},"end":{"line":262,"column":70}},"61":{"start":{"line":269,"column":2},"end":{"line":273,"column":3}},"62":{"start":{"line":270,"column":4},"end":{"line":270,"column":107}},"63":{"start":{"line":271,"column":4},"end":{"line":271,"column":51}},"64":{"start":{"line":272,"column":4},"end":{"line":272,"column":11}},"65":{"start":{"line":275,"column":2},"end":{"line":279,"column":3}},"66":{"start":{"line":276,"column":4},"end":{"line":276,"column":91}},"67":{"start":{"line":277,"column":4},"end":{"line":277,"column":51}},"68":{"start":{"line":278,"column":4},"end":{"line":278,"column":11}},"69":{"start":{"line":281,"column":2},"end":{"line":287,"column":3}},"70":{"start":{"line":282,"column":4},"end":{"line":284,"column":6}},"71":{"start":{"line":285,"column":4},"end":{"line":285,"column":51}},"72":{"start":{"line":286,"column":4},"end":{"line":286,"column":11}},"73":{"start":{"line":289,"column":2},"end":{"line":296,"column":3}},"74":{"start":{"line":290,"column":4},"end":{"line":293,"column":6}},"75":{"start":{"line":294,"column":4},"end":{"line":294,"column":51}},"76":{"start":{"line":295,"column":4},"end":{"line":295,"column":11}},"77":{"start":{"line":298,"column":2},"end":{"line":298,"column":84}},"78":{"start":{"line":305,"column":2},"end":{"line":308,"column":3}},"79":{"start":{"line":306,"column":4},"end":{"line":306,"column":47}},"80":{"start":{"line":307,"column":4},"end":{"line":307,"column":11}},"81":{"start":{"line":310,"column":2},"end":{"line":312,"column":3}},"82":{"start":{"line":311,"column":4},"end":{"line":311,"column":11}},"83":{"start":{"line":314,"column":2},"end":{"line":317,"column":3}},"84":{"start":{"line":315,"column":4},"end":{"line":315,"column":46}},"85":{"start":{"line":316,"column":4},"end":{"line":316,"column":11}},"86":{"start":{"line":319,"column":2},"end":{"line":319,"column":76}},"87":{"start":{"line":326,"column":2},"end":{"line":326,"column":105}},"88":{"start":{"line":328,"column":2},"end":{"line":333,"column":4}},"89":{"start":{"line":335,"column":2},"end":{"line":340,"column":4}},"90":{"start":{"line":347,"column":2},"end":{"line":347,"column":50}},"91":{"start":{"line":350,"column":2},"end":{"line":352,"column":3}},"92":{"start":{"line":351,"column":4},"end":{"line":351,"column":76}},"93":{"start":{"line":354,"column":2},"end":{"line":359,"column":3}},"94":{"start":{"line":355,"column":4},"end":{"line":355,"column":100}},"95":{"start":{"line":356,"column":4},"end":{"line":356,"column":11}},"96":{"start":{"line":357,"column":9},"end":{"line":359,"column":3}},"97":{"start":{"line":358,"column":4},"end":{"line":358,"column":63}},"98":{"start":{"line":360,"column":2},"end":{"line":368,"column":3}},"99":{"start":{"line":361,"column":4},"end":{"line":365,"column":6}},"100":{"start":{"line":366,"column":4},"end":{"line":366,"column":100}},"101":{"start":{"line":367,"column":4},"end":{"line":367,"column":11}},"102":{"start":{"line":370,"column":2},"end":{"line":374,"column":4}},"103":{"start":{"line":373,"column":9},"end":{"line":373,"column":24}},"104":{"start":{"line":382,"column":2},"end":{"line":385,"column":37}},"105":{"start":{"line":384,"column":19},"end":{"line":384,"column":32}},"106":{"start":{"line":385,"column":22},"end":{"line":385,"column":35}},"107":{"start":{"line":392,"column":2},"end":{"line":394,"column":3}},"108":{"start":{"line":393,"column":4},"end":{"line":393,"column":83}},"109":{"start":{"line":395,"column":2},"end":{"line":412,"column":3}},"110":{"start":{"line":396,"column":4},"end":{"line":409,"column":5}},"111":{"start":{"line":397,"column":6},"end":{"line":397,"column":108}},"112":{"start":{"line":398,"column":11},"end":{"line":409,"column":5}},"113":{"start":{"line":399,"column":6},"end":{"line":399,"column":75}},"114":{"start":{"line":401,"column":6},"end":{"line":407,"column":8}},"115":{"start":{"line":408,"column":6},"end":{"line":408,"column":74}},"116":{"start":{"line":411,"column":4},"end":{"line":411,"column":72}},"117":{"start":{"line":420,"column":2},"end":{"line":420,"column":56}},"118":{"start":{"line":421,"column":2},"end":{"line":431,"column":3}},"119":{"start":{"line":422,"column":4},"end":{"line":422,"column":106}},"120":{"start":{"line":424,"column":4},"end":{"line":429,"column":6}},"121":{"start":{"line":430,"column":4},"end":{"line":430,"column":72}},"122":{"start":{"line":440,"column":21},"end":{"line":440,"column":58}},"123":{"start":{"line":441,"column":2},"end":{"line":447,"column":3}},"124":{"start":{"line":442,"column":4},"end":{"line":446,"column":6}},"125":{"start":{"line":448,"column":2},"end":{"line":448,"column":20}},"126":{"start":{"line":455,"column":2},"end":{"line":464,"column":3}},"127":{"start":{"line":460,"column":4},"end":{"line":463,"column":38}},"128":{"start":{"line":462,"column":18},"end":{"line":462,"column":42}},"129":{"start":{"line":463,"column":21},"end":{"line":463,"column":36}},"130":{"start":{"line":466,"column":2},"end":{"line":468,"column":3}},"131":{"start":{"line":467,"column":4},"end":{"line":467,"column":70}},"132":{"start":{"line":470,"column":2},"end":{"line":478,"column":3}},"133":{"start":{"line":471,"column":4},"end":{"line":475,"column":6}},"134":{"start":{"line":476,"column":4},"end":{"line":476,"column":70}},"135":{"start":{"line":477,"column":4},"end":{"line":477,"column":11}},"136":{"start":{"line":480,"column":2},"end":{"line":484,"column":4}},"137":{"start":{"line":483,"column":9},"end":{"line":483,"column":24}},"138":{"start":{"line":491,"column":2},"end":{"line":504,"column":3}},"139":{"start":{"line":492,"column":4},"end":{"line":503,"column":5}},"140":{"start":{"line":493,"column":6},"end":{"line":495,"column":7}},"141":{"start":{"line":494,"column":8},"end":{"line":494,"column":60}},"142":{"start":{"line":496,"column":6},"end":{"line":496,"column":13}},"143":{"start":{"line":498,"column":6},"end":{"line":502,"column":8}},"144":{"start":{"line":506,"column":2},"end":{"line":510,"column":3}},"145":{"start":{"line":507,"column":4},"end":{"line":507,"column":99}},"146":{"start":{"line":508,"column":4},"end":{"line":508,"column":46}},"147":{"start":{"line":509,"column":4},"end":{"line":509,"column":11}},"148":{"start":{"line":512,"column":2},"end":{"line":512,"column":76}},"149":{"start":{"line":519,"column":2},"end":{"line":522,"column":3}},"150":{"start":{"line":520,"column":4},"end":{"line":520,"column":71}},"151":{"start":{"line":521,"column":4},"end":{"line":521,"column":11}},"152":{"start":{"line":523,"column":2},"end":{"line":529,"column":3}},"153":{"start":{"line":524,"column":4},"end":{"line":526,"column":6}},"154":{"start":{"line":527,"column":4},"end":{"line":527,"column":53}},"155":{"start":{"line":528,"column":4},"end":{"line":528,"column":11}},"156":{"start":{"line":531,"column":2},"end":{"line":531,"column":90}},"157":{"start":{"line":538,"column":2},"end":{"line":538,"column":52}},"158":{"start":{"line":540,"column":2},"end":{"line":550,"column":3}},"159":{"start":{"line":541,"column":4},"end":{"line":541,"column":73}},"160":{"start":{"line":542,"column":9},"end":{"line":550,"column":3}},"161":{"start":{"line":546,"column":4},"end":{"line":546,"column":119}},"162":{"start":{"line":547,"column":4},"end":{"line":547,"column":50}},"163":{"start":{"line":549,"column":4},"end":{"line":549,"column":84}},"164":{"start":{"line":553,"column":2},"end":{"line":554,"column":120}},"165":{"start":{"line":555,"column":2},"end":{"line":562,"column":3}},"166":{"start":{"line":556,"column":4},"end":{"line":559,"column":6}},"167":{"start":{"line":560,"column":4},"end":{"line":560,"column":76}},"168":{"start":{"line":561,"column":4},"end":{"line":561,"column":11}},"169":{"start":{"line":564,"column":2},"end":{"line":564,"column":86}},"170":{"start":{"line":565,"column":2},"end":{"line":573,"column":3}},"171":{"start":{"line":566,"column":4},"end":{"line":570,"column":6}},"172":{"start":{"line":571,"column":4},"end":{"line":571,"column":76}},"173":{"start":{"line":572,"column":4},"end":{"line":572,"column":11}},"174":{"start":{"line":575,"column":2},"end":{"line":577,"column":3}},"175":{"start":{"line":576,"column":4},"end":{"line":576,"column":113}},"176":{"start":{"line":584,"column":2},"end":{"line":586,"column":3}},"177":{"start":{"line":585,"column":4},"end":{"line":585,"column":24}},"178":{"start":{"line":589,"column":19},"end":{"line":589,"column":21}},"179":{"start":{"line":590,"column":2},"end":{"line":592,"column":3}},"180":{"start":{"line":591,"column":4},"end":{"line":591,"column":65}},"181":{"start":{"line":594,"column":2},"end":{"line":594,"column":116}},"182":{"start":{"line":595,"column":2},"end":{"line":595,"column":104}},"183":{"start":{"line":597,"column":2},"end":{"line":618,"column":3}},"184":{"start":{"line":598,"column":4},"end":{"line":602,"column":6}},"185":{"start":{"line":603,"column":4},"end":{"line":603,"column":62}},"186":{"start":{"line":604,"column":9},"end":{"line":618,"column":3}},"187":{"start":{"line":605,"column":4},"end":{"line":609,"column":6}},"188":{"start":{"line":610,"column":4},"end":{"line":610,"column":62}},"189":{"start":{"line":611,"column":9},"end":{"line":618,"column":3}},"190":{"start":{"line":612,"column":4},"end":{"line":616,"column":6}},"191":{"start":{"line":617,"column":4},"end":{"line":617,"column":56}},"192":{"start":{"line":619,"column":2},"end":{"line":621,"column":3}},"193":{"start":{"line":620,"column":4},"end":{"line":620,"column":33}},"194":{"start":{"line":629,"column":32},"end":{"line":629,"column":57}},"195":{"start":{"line":630,"column":2},"end":{"line":630,"column":49}},"196":{"start":{"line":632,"column":2},"end":{"line":637,"column":3}},"197":{"start":{"line":633,"column":4},"end":{"line":636,"column":6}},"198":{"start":{"line":639,"column":2},"end":{"line":646,"column":3}},"199":{"start":{"line":641,"column":4},"end":{"line":644,"column":6}},"200":{"start":{"line":645,"column":4},"end":{"line":645,"column":14}},"201":{"start":{"line":647,"column":24},"end":{"line":647,"column":68}},"202":{"start":{"line":647,"column":56},"end":{"line":647,"column":67}},"203":{"start":{"line":648,"column":2},"end":{"line":651,"column":4}},"204":{"start":{"line":662,"column":20},"end":{"line":662,"column":42}},"205":{"start":{"line":663,"column":22},"end":{"line":663,"column":33}},"206":{"start":{"line":664,"column":2},"end":{"line":669,"column":3}},"207":{"start":{"line":665,"column":4},"end":{"line":665,"column":24}},"208":{"start":{"line":666,"column":9},"end":{"line":669,"column":3}},"209":{"start":{"line":667,"column":4},"end":{"line":667,"column":30}},"210":{"start":{"line":668,"column":4},"end":{"line":668,"column":46}},"211":{"start":{"line":671,"column":2},"end":{"line":681,"column":3}},"212":{"start":{"line":672,"column":4},"end":{"line":679,"column":6}},"213":{"start":{"line":680,"column":4},"end":{"line":680,"column":24}},"214":{"start":{"line":682,"column":2},"end":{"line":682,"column":21}}},"fnMap":{"0":{"name":"(anonymous_0)","decl":{"start":{"line":89,"column":57},"end":{"line":89,"column":58}},"loc":{"start":{"line":89,"column":70},"end":{"line":91,"column":1}},"line":89},"1":{"name":"normalizeConfig","decl":{"start":{"line":141,"column":26},"end":{"line":141,"column":41}},"loc":{"start":{"line":141,"column":50},"end":{"line":152,"column":1}},"line":141},"2":{"name":"normalizeServiceName","decl":{"start":{"line":157,"column":9},"end":{"line":157,"column":29}},"loc":{"start":{"line":157,"column":38},"end":{"line":167,"column":1}},"line":157},"3":{"name":"normalizePackageJsonPath","decl":{"start":{"line":172,"column":9},"end":{"line":172,"column":33}},"loc":{"start":{"line":172,"column":42},"end":{"line":183,"column":1}},"line":172},"4":{"name":"normalizeMetricsConfig","decl":{"start":{"line":188,"column":9},"end":{"line":188,"column":31}},"loc":{"start":{"line":188,"column":40},"end":{"line":202,"column":1}},"line":188},"5":{"name":"normalizeTracingConfig","decl":{"start":{"line":208,"column":9},"end":{"line":208,"column":31}},"loc":{"start":{"line":208,"column":40},"end":{"line":223,"column":1}},"line":208},"6":{"name":"normalizeTracingEnabled","decl":{"start":{"line":229,"column":9},"end":{"line":229,"column":32}},"loc":{"start":{"line":229,"column":41},"end":{"line":244,"column":1}},"line":229},"7":{"name":"normalizeUseOpentelemetry","decl":{"start":{"line":250,"column":9},"end":{"line":250,"column":34}},"loc":{"start":{"line":250,"column":43},"end":{"line":263,"column":1}},"line":250},"8":{"name":"normalizeAutomaticTracingEnabled","decl":{"start":{"line":268,"column":9},"end":{"line":268,"column":41}},"loc":{"start":{"line":268,"column":50},"end":{"line":299,"column":1}},"line":268},"9":{"name":"normalizeActivateImmediately","decl":{"start":{"line":304,"column":9},"end":{"line":304,"column":37}},"loc":{"start":{"line":304,"column":46},"end":{"line":320,"column":1}},"line":304},"10":{"name":"normalizeTracingTransmission","decl":{"start":{"line":325,"column":9},"end":{"line":325,"column":37}},"loc":{"start":{"line":325,"column":46},"end":{"line":341,"column":1}},"line":325},"11":{"name":"normalizeTracingHttp","decl":{"start":{"line":346,"column":9},"end":{"line":346,"column":29}},"loc":{"start":{"line":346,"column":38},"end":{"line":375,"column":1}},"line":346},"12":{"name":"(anonymous_12)","decl":{"start":{"line":371,"column":4},"end":{"line":371,"column":5}},"loc":{"start":{"line":373,"column":9},"end":{"line":373,"column":24}},"line":373},"13":{"name":"parseHeadersEnvVar","decl":{"start":{"line":381,"column":9},"end":{"line":381,"column":27}},"loc":{"start":{"line":381,"column":41},"end":{"line":386,"column":1}},"line":381},"14":{"name":"(anonymous_14)","decl":{"start":{"line":384,"column":9},"end":{"line":384,"column":10}},"loc":{"start":{"line":384,"column":19},"end":{"line":384,"column":32}},"line":384},"15":{"name":"(anonymous_15)","decl":{"start":{"line":385,"column":12},"end":{"line":385,"column":13}},"loc":{"start":{"line":385,"column":22},"end":{"line":385,"column":35}},"line":385},"16":{"name":"normalizeTracingStackTraceLength","decl":{"start":{"line":391,"column":9},"end":{"line":391,"column":41}},"loc":{"start":{"line":391,"column":50},"end":{"line":413,"column":1}},"line":391},"17":{"name":"parseStringStackTraceLength","decl":{"start":{"line":419,"column":9},"end":{"line":419,"column":36}},"loc":{"start":{"line":419,"column":52},"end":{"line":432,"column":1}},"line":419},"18":{"name":"normalizeNumericalStackTraceLength","decl":{"start":{"line":438,"column":9},"end":{"line":438,"column":43}},"loc":{"start":{"line":438,"column":61},"end":{"line":449,"column":1}},"line":438},"19":{"name":"normalizeDisabledTracers","decl":{"start":{"line":454,"column":9},"end":{"line":454,"column":33}},"loc":{"start":{"line":454,"column":42},"end":{"line":485,"column":1}},"line":454},"20":{"name":"(anonymous_20)","decl":{"start":{"line":462,"column":11},"end":{"line":462,"column":12}},"loc":{"start":{"line":462,"column":18},"end":{"line":462,"column":42}},"line":462},"21":{"name":"(anonymous_21)","decl":{"start":{"line":463,"column":14},"end":{"line":463,"column":15}},"loc":{"start":{"line":463,"column":21},"end":{"line":463,"column":36}},"line":463},"22":{"name":"(anonymous_22)","decl":{"start":{"line":481,"column":4},"end":{"line":481,"column":5}},"loc":{"start":{"line":483,"column":9},"end":{"line":483,"column":24}},"line":483},"23":{"name":"normalizeSpanBatchingEnabled","decl":{"start":{"line":490,"column":9},"end":{"line":490,"column":37}},"loc":{"start":{"line":490,"column":46},"end":{"line":513,"column":1}},"line":490},"24":{"name":"normalizeDisableW3cTraceCorrelation","decl":{"start":{"line":518,"column":9},"end":{"line":518,"column":44}},"loc":{"start":{"line":518,"column":53},"end":{"line":532,"column":1}},"line":518},"25":{"name":"normalizeTracingKafka","decl":{"start":{"line":537,"column":9},"end":{"line":537,"column":30}},"loc":{"start":{"line":537,"column":39},"end":{"line":578,"column":1}},"line":537},"26":{"name":"normalizeSecrets","decl":{"start":{"line":583,"column":9},"end":{"line":583,"column":25}},"loc":{"start":{"line":583,"column":34},"end":{"line":622,"column":1}},"line":583},"27":{"name":"parseSecretsEnvVar","decl":{"start":{"line":628,"column":9},"end":{"line":628,"column":27}},"loc":{"start":{"line":628,"column":41},"end":{"line":652,"column":1}},"line":628},"28":{"name":"(anonymous_28)","decl":{"start":{"line":647,"column":48},"end":{"line":647,"column":49}},"loc":{"start":{"line":647,"column":56},"end":{"line":647,"column":67}},"line":647},"29":{"name":"normalizeSingleValue","decl":{"start":{"line":661,"column":9},"end":{"line":661,"column":29}},"loc":{"start":{"line":661,"column":80},"end":{"line":683,"column":1}},"line":661}},"branchMap":{"0":{"loc":{"start":{"line":142,"column":2},"end":{"line":144,"column":3}},"type":"if","locations":[{"start":{"line":142,"column":2},"end":{"line":144,"column":3}},{"start":{"line":142,"column":2},"end":{"line":144,"column":3}}],"line":142},"1":{"loc":{"start":{"line":158,"column":2},"end":{"line":160,"column":3}},"type":"if","locations":[{"start":{"line":158,"column":2},"end":{"line":160,"column":3}},{"start":{"line":158,"column":2},"end":{"line":160,"column":3}}],"line":158},"2":{"loc":{"start":{"line":158,"column":6},"end":{"line":158,"column":71}},"type":"binary-expr","locations":[{"start":{"line":158,"column":6},"end":{"line":158,"column":32}},{"start":{"line":158,"column":36},"end":{"line":158,"column":71}}],"line":158},"3":{"loc":{"start":{"line":161,"column":2},"end":{"line":166,"column":3}},"type":"if","locations":[{"start":{"line":161,"column":2},"end":{"line":166,"column":3}},{"start":{"line":161,"column":2},"end":{"line":166,"column":3}}],"line":161},"4":{"loc":{"start":{"line":161,"column":6},"end":{"line":161,"column":74}},"type":"binary-expr","locations":[{"start":{"line":161,"column":6},"end":{"line":161,"column":32}},{"start":{"line":161,"column":36},"end":{"line":161,"column":74}}],"line":161},"5":{"loc":{"start":{"line":173,"column":2},"end":{"line":175,"column":3}},"type":"if","locations":[{"start":{"line":173,"column":2},"end":{"line":175,"column":3}},{"start":{"line":173,"column":2},"end":{"line":175,"column":3}}],"line":173},"6":{"loc":{"start":{"line":173,"column":6},"end":{"line":173,"column":80}},"type":"binary-expr","locations":[{"start":{"line":173,"column":6},"end":{"line":173,"column":36}},{"start":{"line":173,"column":40},"end":{"line":173,"column":80}}],"line":173},"7":{"loc":{"start":{"line":176,"column":2},"end":{"line":182,"column":3}},"type":"if","locations":[{"start":{"line":176,"column":2},"end":{"line":182,"column":3}},{"start":{"line":176,"column":2},"end":{"line":182,"column":3}}],"line":176},"8":{"loc":{"start":{"line":176,"column":6},"end":{"line":176,"column":82}},"type":"binary-expr","locations":[{"start":{"line":176,"column":6},"end":{"line":176,"column":36}},{"start":{"line":176,"column":40},"end":{"line":176,"column":82}}],"line":176},"9":{"loc":{"start":{"line":189,"column":2},"end":{"line":191,"column":3}},"type":"if","locations":[{"start":{"line":189,"column":2},"end":{"line":191,"column":3}},{"start":{"line":189,"column":2},"end":{"line":191,"column":3}}],"line":189},"10":{"loc":{"start":{"line":201,"column":4},"end":{"line":201,"column":94}},"type":"binary-expr","locations":[{"start":{"line":201,"column":4},"end":{"line":201,"column":46}},{"start":{"line":201,"column":50},"end":{"line":201,"column":94}}],"line":201},"11":{"loc":{"start":{"line":209,"column":2},"end":{"line":211,"column":3}},"type":"if","locations":[{"start":{"line":209,"column":2},"end":{"line":211,"column":3}},{"start":{"line":209,"column":2},"end":{"line":211,"column":3}}],"line":209},"12":{"loc":{"start":{"line":230,"column":2},"end":{"line":233,"column":3}},"type":"if","locations":[{"start":{"line":230,"column":2},"end":{"line":233,"column":3}},{"start":{"line":230,"column":2},"end":{"line":233,"column":3}}],"line":230},"13":{"loc":{"start":{"line":234,"column":2},"end":{"line":236,"column":3}},"type":"if","locations":[{"start":{"line":234,"column":2},"end":{"line":236,"column":3}},{"start":{"line":234,"column":2},"end":{"line":236,"column":3}}],"line":234},"14":{"loc":{"start":{"line":237,"column":2},"end":{"line":241,"column":3}},"type":"if","locations":[{"start":{"line":237,"column":2},"end":{"line":241,"column":3}},{"start":{"line":237,"column":2},"end":{"line":241,"column":3}}],"line":237},"15":{"loc":{"start":{"line":251,"column":2},"end":{"line":253,"column":3}},"type":"if","locations":[{"start":{"line":251,"column":2},"end":{"line":253,"column":3}},{"start":{"line":251,"column":2},"end":{"line":253,"column":3}}],"line":251},"16":{"loc":{"start":{"line":254,"column":2},"end":{"line":256,"column":3}},"type":"if","locations":[{"start":{"line":254,"column":2},"end":{"line":256,"column":3}},{"start":{"line":254,"column":2},"end":{"line":256,"column":3}}],"line":254},"17":{"loc":{"start":{"line":257,"column":2},"end":{"line":260,"column":3}},"type":"if","locations":[{"start":{"line":257,"column":2},"end":{"line":260,"column":3}},{"start":{"line":257,"column":2},"end":{"line":260,"column":3}}],"line":257},"18":{"loc":{"start":{"line":269,"column":2},"end":{"line":273,"column":3}},"type":"if","locations":[{"start":{"line":269,"column":2},"end":{"line":273,"column":3}},{"start":{"line":269,"column":2},"end":{"line":273,"column":3}}],"line":269},"19":{"loc":{"start":{"line":275,"column":2},"end":{"line":279,"column":3}},"type":"if","locations":[{"start":{"line":275,"column":2},"end":{"line":279,"column":3}},{"start":{"line":275,"column":2},"end":{"line":279,"column":3}}],"line":275},"20":{"loc":{"start":{"line":281,"column":2},"end":{"line":287,"column":3}},"type":"if","locations":[{"start":{"line":281,"column":2},"end":{"line":287,"column":3}},{"start":{"line":281,"column":2},"end":{"line":287,"column":3}}],"line":281},"21":{"loc":{"start":{"line":289,"column":2},"end":{"line":296,"column":3}},"type":"if","locations":[{"start":{"line":289,"column":2},"end":{"line":296,"column":3}},{"start":{"line":289,"column":2},"end":{"line":296,"column":3}}],"line":289},"22":{"loc":{"start":{"line":305,"column":2},"end":{"line":308,"column":3}},"type":"if","locations":[{"start":{"line":305,"column":2},"end":{"line":308,"column":3}},{"start":{"line":305,"column":2},"end":{"line":308,"column":3}}],"line":305},"23":{"loc":{"start":{"line":310,"column":2},"end":{"line":312,"column":3}},"type":"if","locations":[{"start":{"line":310,"column":2},"end":{"line":312,"column":3}},{"start":{"line":310,"column":2},"end":{"line":312,"column":3}}],"line":310},"24":{"loc":{"start":{"line":314,"column":2},"end":{"line":317,"column":3}},"type":"if","locations":[{"start":{"line":314,"column":2},"end":{"line":317,"column":3}},{"start":{"line":314,"column":2},"end":{"line":317,"column":3}}],"line":314},"25":{"loc":{"start":{"line":326,"column":36},"end":{"line":326,"column":104}},"type":"binary-expr","locations":[{"start":{"line":326,"column":36},"end":{"line":326,"column":67}},{"start":{"line":326,"column":71},"end":{"line":326,"column":104}}],"line":326},"26":{"loc":{"start":{"line":347,"column":24},"end":{"line":347,"column":49}},"type":"binary-expr","locations":[{"start":{"line":347,"column":24},"end":{"line":347,"column":43}},{"start":{"line":347,"column":47},"end":{"line":347,"column":49}}],"line":347},"27":{"loc":{"start":{"line":350,"column":2},"end":{"line":352,"column":3}},"type":"if","locations":[{"start":{"line":350,"column":2},"end":{"line":352,"column":3}},{"start":{"line":350,"column":2},"end":{"line":352,"column":3}}],"line":350},"28":{"loc":{"start":{"line":354,"column":2},"end":{"line":359,"column":3}},"type":"if","locations":[{"start":{"line":354,"column":2},"end":{"line":359,"column":3}},{"start":{"line":354,"column":2},"end":{"line":359,"column":3}}],"line":354},"29":{"loc":{"start":{"line":354,"column":6},"end":{"line":354,"column":67}},"type":"binary-expr","locations":[{"start":{"line":354,"column":6},"end":{"line":354,"column":52}},{"start":{"line":354,"column":56},"end":{"line":354,"column":67}}],"line":354},"30":{"loc":{"start":{"line":357,"column":9},"end":{"line":359,"column":3}},"type":"if","locations":[{"start":{"line":357,"column":9},"end":{"line":359,"column":3}},{"start":{"line":357,"column":9},"end":{"line":359,"column":3}}],"line":357},"31":{"loc":{"start":{"line":357,"column":13},"end":{"line":357,"column":73}},"type":"binary-expr","locations":[{"start":{"line":357,"column":13},"end":{"line":357,"column":59}},{"start":{"line":357,"column":63},"end":{"line":357,"column":73}}],"line":357},"32":{"loc":{"start":{"line":360,"column":2},"end":{"line":368,"column":3}},"type":"if","locations":[{"start":{"line":360,"column":2},"end":{"line":368,"column":3}},{"start":{"line":360,"column":2},"end":{"line":368,"column":3}}],"line":360},"33":{"loc":{"start":{"line":392,"column":2},"end":{"line":394,"column":3}},"type":"if","locations":[{"start":{"line":392,"column":2},"end":{"line":394,"column":3}},{"start":{"line":392,"column":2},"end":{"line":394,"column":3}}],"line":392},"34":{"loc":{"start":{"line":392,"column":6},"end":{"line":392,"column":90}},"type":"binary-expr","locations":[{"start":{"line":392,"column":6},"end":{"line":392,"column":45}},{"start":{"line":392,"column":49},"end":{"line":392,"column":90}}],"line":392},"35":{"loc":{"start":{"line":395,"column":2},"end":{"line":412,"column":3}},"type":"if","locations":[{"start":{"line":395,"column":2},"end":{"line":412,"column":3}},{"start":{"line":395,"column":2},"end":{"line":412,"column":3}}],"line":395},"36":{"loc":{"start":{"line":396,"column":4},"end":{"line":409,"column":5}},"type":"if","locations":[{"start":{"line":396,"column":4},"end":{"line":409,"column":5}},{"start":{"line":396,"column":4},"end":{"line":409,"column":5}}],"line":396},"37":{"loc":{"start":{"line":398,"column":11},"end":{"line":409,"column":5}},"type":"if","locations":[{"start":{"line":398,"column":11},"end":{"line":409,"column":5}},{"start":{"line":398,"column":11},"end":{"line":409,"column":5}}],"line":398},"38":{"loc":{"start":{"line":421,"column":2},"end":{"line":431,"column":3}},"type":"if","locations":[{"start":{"line":421,"column":2},"end":{"line":431,"column":3}},{"start":{"line":421,"column":2},"end":{"line":431,"column":3}}],"line":421},"39":{"loc":{"start":{"line":441,"column":2},"end":{"line":447,"column":3}},"type":"if","locations":[{"start":{"line":441,"column":2},"end":{"line":447,"column":3}},{"start":{"line":441,"column":2},"end":{"line":447,"column":3}}],"line":441},"40":{"loc":{"start":{"line":455,"column":2},"end":{"line":464,"column":3}},"type":"if","locations":[{"start":{"line":455,"column":2},"end":{"line":464,"column":3}},{"start":{"line":455,"column":2},"end":{"line":464,"column":3}}],"line":455},"41":{"loc":{"start":{"line":456,"column":4},"end":{"line":458,"column":62}},"type":"binary-expr","locations":[{"start":{"line":456,"column":4},"end":{"line":456,"column":42}},{"start":{"line":457,"column":4},"end":{"line":457,"column":43}},{"start":{"line":458,"column":4},"end":{"line":458,"column":62}}],"line":456},"42":{"loc":{"start":{"line":466,"column":2},"end":{"line":468,"column":3}},"type":"if","locations":[{"start":{"line":466,"column":2},"end":{"line":468,"column":3}},{"start":{"line":466,"column":2},"end":{"line":468,"column":3}}],"line":466},"43":{"loc":{"start":{"line":470,"column":2},"end":{"line":478,"column":3}},"type":"if","locations":[{"start":{"line":470,"column":2},"end":{"line":478,"column":3}},{"start":{"line":470,"column":2},"end":{"line":478,"column":3}}],"line":470},"44":{"loc":{"start":{"line":491,"column":2},"end":{"line":504,"column":3}},"type":"if","locations":[{"start":{"line":491,"column":2},"end":{"line":504,"column":3}},{"start":{"line":491,"column":2},"end":{"line":504,"column":3}}],"line":491},"45":{"loc":{"start":{"line":492,"column":4},"end":{"line":503,"column":5}},"type":"if","locations":[{"start":{"line":492,"column":4},"end":{"line":503,"column":5}},{"start":{"line":492,"column":4},"end":{"line":503,"column":5}}],"line":492},"46":{"loc":{"start":{"line":493,"column":6},"end":{"line":495,"column":7}},"type":"if","locations":[{"start":{"line":493,"column":6},"end":{"line":495,"column":7}},{"start":{"line":493,"column":6},"end":{"line":495,"column":7}}],"line":493},"47":{"loc":{"start":{"line":506,"column":2},"end":{"line":510,"column":3}},"type":"if","locations":[{"start":{"line":506,"column":2},"end":{"line":510,"column":3}},{"start":{"line":506,"column":2},"end":{"line":510,"column":3}}],"line":506},"48":{"loc":{"start":{"line":519,"column":2},"end":{"line":522,"column":3}},"type":"if","locations":[{"start":{"line":519,"column":2},"end":{"line":522,"column":3}},{"start":{"line":519,"column":2},"end":{"line":522,"column":3}}],"line":519},"49":{"loc":{"start":{"line":523,"column":2},"end":{"line":529,"column":3}},"type":"if","locations":[{"start":{"line":523,"column":2},"end":{"line":529,"column":3}},{"start":{"line":523,"column":2},"end":{"line":529,"column":3}}],"line":523},"50":{"loc":{"start":{"line":538,"column":25},"end":{"line":538,"column":51}},"type":"binary-expr","locations":[{"start":{"line":538,"column":25},"end":{"line":538,"column":45}},{"start":{"line":538,"column":49},"end":{"line":538,"column":51}}],"line":538},"51":{"loc":{"start":{"line":540,"column":2},"end":{"line":550,"column":3}},"type":"if","locations":[{"start":{"line":540,"column":2},"end":{"line":550,"column":3}},{"start":{"line":540,"column":2},"end":{"line":550,"column":3}}],"line":540},"52":{"loc":{"start":{"line":542,"column":9},"end":{"line":550,"column":3}},"type":"if","locations":[{"start":{"line":542,"column":9},"end":{"line":550,"column":3}},{"start":{"line":542,"column":9},"end":{"line":550,"column":3}}],"line":542},"53":{"loc":{"start":{"line":543,"column":4},"end":{"line":544,"column":76}},"type":"binary-expr","locations":[{"start":{"line":543,"column":4},"end":{"line":543,"column":58}},{"start":{"line":544,"column":4},"end":{"line":544,"column":76}}],"line":543},"54":{"loc":{"start":{"line":554,"column":4},"end":{"line":554,"column":119}},"type":"binary-expr","locations":[{"start":{"line":554,"column":4},"end":{"line":554,"column":37}},{"start":{"line":554,"column":41},"end":{"line":554,"column":80}},{"start":{"line":554,"column":84},"end":{"line":554,"column":119}}],"line":554},"55":{"loc":{"start":{"line":555,"column":2},"end":{"line":562,"column":3}},"type":"if","locations":[{"start":{"line":555,"column":2},"end":{"line":562,"column":3}},{"start":{"line":555,"column":2},"end":{"line":562,"column":3}}],"line":555},"56":{"loc":{"start":{"line":565,"column":2},"end":{"line":573,"column":3}},"type":"if","locations":[{"start":{"line":565,"column":2},"end":{"line":573,"column":3}},{"start":{"line":565,"column":2},"end":{"line":573,"column":3}}],"line":565},"57":{"loc":{"start":{"line":575,"column":2},"end":{"line":577,"column":3}},"type":"if","locations":[{"start":{"line":575,"column":2},"end":{"line":577,"column":3}},{"start":{"line":575,"column":2},"end":{"line":577,"column":3}}],"line":575},"58":{"loc":{"start":{"line":584,"column":2},"end":{"line":586,"column":3}},"type":"if","locations":[{"start":{"line":584,"column":2},"end":{"line":586,"column":3}},{"start":{"line":584,"column":2},"end":{"line":586,"column":3}}],"line":584},"59":{"loc":{"start":{"line":590,"column":2},"end":{"line":592,"column":3}},"type":"if","locations":[{"start":{"line":590,"column":2},"end":{"line":592,"column":3}},{"start":{"line":590,"column":2},"end":{"line":592,"column":3}}],"line":590},"60":{"loc":{"start":{"line":594,"column":31},"end":{"line":594,"column":115}},"type":"binary-expr","locations":[{"start":{"line":594,"column":31},"end":{"line":594,"column":57}},{"start":{"line":594,"column":61},"end":{"line":594,"column":83}},{"start":{"line":594,"column":87},"end":{"line":594,"column":115}}],"line":594},"61":{"loc":{"start":{"line":595,"column":28},"end":{"line":595,"column":103}},"type":"binary-expr","locations":[{"start":{"line":595,"column":28},"end":{"line":595,"column":51}},{"start":{"line":595,"column":55},"end":{"line":595,"column":74}},{"start":{"line":595,"column":78},"end":{"line":595,"column":103}}],"line":595},"62":{"loc":{"start":{"line":597,"column":2},"end":{"line":618,"column":3}},"type":"if","locations":[{"start":{"line":597,"column":2},"end":{"line":618,"column":3}},{"start":{"line":597,"column":2},"end":{"line":618,"column":3}}],"line":597},"63":{"loc":{"start":{"line":604,"column":9},"end":{"line":618,"column":3}},"type":"if","locations":[{"start":{"line":604,"column":9},"end":{"line":618,"column":3}},{"start":{"line":604,"column":9},"end":{"line":618,"column":3}}],"line":604},"64":{"loc":{"start":{"line":611,"column":9},"end":{"line":618,"column":3}},"type":"if","locations":[{"start":{"line":611,"column":9},"end":{"line":618,"column":3}},{"start":{"line":611,"column":9},"end":{"line":618,"column":3}}],"line":611},"65":{"loc":{"start":{"line":619,"column":2},"end":{"line":621,"column":3}},"type":"if","locations":[{"start":{"line":619,"column":2},"end":{"line":621,"column":3}},{"start":{"line":619,"column":2},"end":{"line":621,"column":3}}],"line":619},"66":{"loc":{"start":{"line":632,"column":2},"end":{"line":637,"column":3}},"type":"if","locations":[{"start":{"line":632,"column":2},"end":{"line":637,"column":3}},{"start":{"line":632,"column":2},"end":{"line":637,"column":3}}],"line":632},"67":{"loc":{"start":{"line":639,"column":2},"end":{"line":646,"column":3}},"type":"if","locations":[{"start":{"line":639,"column":2},"end":{"line":646,"column":3}},{"start":{"line":639,"column":2},"end":{"line":646,"column":3}}],"line":639},"68":{"loc":{"start":{"line":664,"column":2},"end":{"line":669,"column":3}},"type":"if","locations":[{"start":{"line":664,"column":2},"end":{"line":669,"column":3}},{"start":{"line":664,"column":2},"end":{"line":669,"column":3}}],"line":664},"69":{"loc":{"start":{"line":664,"column":6},"end":{"line":664,"column":46}},"type":"binary-expr","locations":[{"start":{"line":664,"column":6},"end":{"line":664,"column":25}},{"start":{"line":664,"column":29},"end":{"line":664,"column":46}}],"line":664},"70":{"loc":{"start":{"line":666,"column":9},"end":{"line":669,"column":3}},"type":"if","locations":[{"start":{"line":666,"column":9},"end":{"line":669,"column":3}},{"start":{"line":666,"column":9},"end":{"line":669,"column":3}}],"line":666},"71":{"loc":{"start":{"line":666,"column":13},"end":{"line":666,"column":53}},"type":"binary-expr","locations":[{"start":{"line":666,"column":13},"end":{"line":666,"column":32}},{"start":{"line":666,"column":36},"end":{"line":666,"column":53}}],"line":666},"72":{"loc":{"start":{"line":671,"column":2},"end":{"line":681,"column":3}},"type":"if","locations":[{"start":{"line":671,"column":2},"end":{"line":681,"column":3}},{"start":{"line":671,"column":2},"end":{"line":681,"column":3}}],"line":671},"73":{"loc":{"start":{"line":671,"column":6},"end":{"line":671,"column":59}},"type":"binary-expr","locations":[{"start":{"line":671,"column":6},"end":{"line":671,"column":37}},{"start":{"line":671,"column":41},"end":{"line":671,"column":59}}],"line":671}},"s":{"0":1,"1":1,"2":1,"3":0,"4":1,"5":1,"6":1,"7":1,"8":0,"9":0,"10":0,"11":0,"12":0,"13":0,"14":0,"15":0,"16":0,"17":0,"18":0,"19":0,"20":0,"21":0,"22":0,"23":0,"24":0,"25":0,"26":0,"27":0,"28":0,"29":0,"30":0,"31":0,"32":0,"33":0,"34":0,"35":0,"36":0,"37":0,"38":0,"39":0,"40":0,"41":0,"42":0,"43":0,"44":0,"45":0,"46":0,"47":0,"48":0,"49":0,"50":0,"51":0,"52":0,"53":0,"54":0,"55":0,"56":0,"57":0,"58":0,"59":0,"60":0,"61":0,"62":0,"63":0,"64":0,"65":0,"66":0,"67":0,"68":0,"69":0,"70":0,"71":0,"72":0,"73":0,"74":0,"75":0,"76":0,"77":0,"78":0,"79":0,"80":0,"81":0,"82":0,"83":0,"84":0,"85":0,"86":0,"87":0,"88":0,"89":0,"90":0,"91":0,"92":0,"93":0,"94":0,"95":0,"96":0,"97":0,"98":0,"99":0,"100":0,"101":0,"102":0,"103":0,"104":0,"105":0,"106":0,"107":0,"108":0,"109":0,"110":0,"111":0,"112":0,"113":0,"114":0,"115":0,"116":0,"117":0,"118":0,"119":0,"120":0,"121":0,"122":0,"123":0,"124":0,"125":0,"126":0,"127":0,"128":0,"129":0,"130":0,"131":0,"132":0,"133":0,"134":0,"135":0,"136":0,"137":0,"138":0,"139":0,"140":0,"141":0,"142":0,"143":0,"144":0,"145":0,"146":0,"147":0,"148":0,"149":0,"150":0,"151":0,"152":0,"153":0,"154":0,"155":0,"156":0,"157":0,"158":0,"159":0,"160":0,"161":0,"162":0,"163":0,"164":0,"165":0,"166":0,"167":0,"168":0,"169":0,"170":0,"171":0,"172":0,"173":0,"174":0,"175":0,"176":0,"177":0,"178":0,"179":0,"180":0,"181":0,"182":0,"183":0,"184":0,"185":0,"186":0,"187":0,"188":0,"189":0,"190":0,"191":0,"192":0,"193":0,"194":0,"195":0,"196":0,"197":0,"198":0,"199":0,"200":0,"201":0,"202":0,"203":0,"204":0,"205":0,"206":0,"207":0,"208":0,"209":0,"210":0,"211":0,"212":0,"213":0,"214":0},"f":{"0":0,"1":0,"2":0,"3":0,"4":0,"5":0,"6":0,"7":0,"8":0,"9":0,"10":0,"11":0,"12":0,"13":0,"14":0,"15":0,"16":0,"17":0,"18":0,"19":0,"20":0,"21":0,"22":0,"23":0,"24":0,"25":0,"26":0,"27":0,"28":0,"29":0},"b":{"0":[0,0],"1":[0,0],"2":[0,0],"3":[0,0],"4":[0,0],"5":[0,0],"6":[0,0],"7":[0,0],"8":[0,0],"9":[0,0],"10":[0,0],"11":[0,0],"12":[0,0],"13":[0,0],"14":[0,0],"15":[0,0],"16":[0,0],"17":[0,0],"18":[0,0],"19":[0,0],"20":[0,0],"21":[0,0],"22":[0,0],"23":[0,0],"24":[0,0],"25":[0,0],"26":[0,0],"27":[0,0],"28":[0,0],"29":[0,0],"30":[0,0],"31":[0,0],"32":[0,0],"33":[0,0],"34":[0,0],"35":[0,0],"36":[0,0],"37":[0,0],"38":[0,0],"39":[0,0],"40":[0,0],"41":[0,0,0],"42":[0,0],"43":[0,0],"44":[0,0],"45":[0,0],"46":[0,0],"47":[0,0],"48":[0,0],"49":[0,0],"50":[0,0],"51":[0,0],"52":[0,0],"53":[0,0],"54":[0,0,0],"55":[0,0],"56":[0,0],"57":[0,0],"58":[0,0],"59":[0,0],"60":[0,0,0],"61":[0,0,0],"62":[0,0],"63":[0,0],"64":[0,0],"65":[0,0],"66":[0,0],"67":[0,0],"68":[0,0],"69":[0,0],"70":[0,0],"71":[0,0],"72":[0,0],"73":[0,0]},"_coverageSchema":"1a1c01bbd47fc00a2c39e90264f33305004495a9","hash":"3dc5b02bbc7e31ca670541769e525a1e70f9f358","contentHash":"aa8575758aed6e09c34234ab552c67f964d3f317016dd25bca95ac3d5d03f3ac"},"/Users/kirrg001/dev/instana/nodejs/packages/core/src/tracing/supportedVersion.js":{"path":"/Users/kirrg001/dev/instana/nodejs/packages/core/src/tracing/supportedVersion.js","statementMap":{"0":{"start":{"line":8,"column":15},"end":{"line":8,"column":32}},"1":{"start":{"line":11,"column":0},"end":{"line":13,"column":2}},"2":{"start":{"line":12,"column":2},"end":{"line":12,"column":47}}},"fnMap":{"0":{"name":"supportedVersion","decl":{"start":{"line":11,"column":36},"end":{"line":11,"column":52}},"loc":{"start":{"line":11,"column":62},"end":{"line":13,"column":1}},"line":11}},"branchMap":{},"s":{"0":1,"1":1,"2":108},"f":{"0":108},"b":{},"_coverageSchema":"1a1c01bbd47fc00a2c39e90264f33305004495a9","hash":"9442cb898831cfdc4202a6f66df04f9feaa431a7","contentHash":"f5bedc35d1eb42aab3c1b50b2f2b8a9c7e131505974dd31ebcf54a2212acafcc"},"/Users/kirrg001/dev/instana/nodejs/packages/core/src/tracing/constants.js":{"path":"/Users/kirrg001/dev/instana/nodejs/packages/core/src/tracing/constants.js","statementMap":{"0":{"start":{"line":8,"column":0},"end":{"line":8,"column":42}},"1":{"start":{"line":9,"column":0},"end":{"line":9,"column":77}},"2":{"start":{"line":11,"column":0},"end":{"line":11,"column":41}},"3":{"start":{"line":12,"column":0},"end":{"line":12,"column":75}},"4":{"start":{"line":14,"column":0},"end":{"line":14,"column":45}},"5":{"start":{"line":15,"column":0},"end":{"line":15,"column":83}},"6":{"start":{"line":17,"column":0},"end":{"line":17,"column":52}},"7":{"start":{"line":18,"column":0},"end":{"line":18,"column":81}},"8":{"start":{"line":21,"column":0},"end":{"line":21,"column":58}},"9":{"start":{"line":22,"column":0},"end":{"line":22,"column":56}},"10":{"start":{"line":23,"column":0},"end":{"line":23,"column":64}},"11":{"start":{"line":24,"column":0},"end":{"line":24,"column":61}},"12":{"start":{"line":29,"column":0},"end":{"line":29,"column":47}},"13":{"start":{"line":30,"column":0},"end":{"line":30,"column":46}},"14":{"start":{"line":31,"column":0},"end":{"line":31,"column":52}},"15":{"start":{"line":40,"column":0},"end":{"line":40,"column":42}},"16":{"start":{"line":41,"column":0},"end":{"line":41,"column":44}},"17":{"start":{"line":43,"column":0},"end":{"line":49,"column":2}},"18":{"start":{"line":51,"column":0},"end":{"line":51,"column":39}},"19":{"start":{"line":52,"column":0},"end":{"line":52,"column":37}},"20":{"start":{"line":53,"column":0},"end":{"line":53,"column":26}},"21":{"start":{"line":54,"column":0},"end":{"line":54,"column":52}},"22":{"start":{"line":56,"column":0},"end":{"line":56,"column":52}},"23":{"start":{"line":57,"column":0},"end":{"line":57,"column":85}},"24":{"start":{"line":59,"column":0},"end":{"line":59,"column":18}},"25":{"start":{"line":60,"column":0},"end":{"line":60,"column":17}},"26":{"start":{"line":61,"column":0},"end":{"line":61,"column":25}},"27":{"start":{"line":63,"column":0},"end":{"line":67,"column":2}},"28":{"start":{"line":69,"column":0},"end":{"line":73,"column":2}},"29":{"start":{"line":75,"column":0},"end":{"line":75,"column":56}},"30":{"start":{"line":82,"column":0},"end":{"line":84,"column":2}},"31":{"start":{"line":83,"column":2},"end":{"line":83,"column":42}},"32":{"start":{"line":91,"column":0},"end":{"line":93,"column":2}},"33":{"start":{"line":92,"column":2},"end":{"line":92,"column":41}},"34":{"start":{"line":100,"column":0},"end":{"line":102,"column":2}},"35":{"start":{"line":101,"column":2},"end":{"line":101,"column":49}}},"fnMap":{"0":{"name":"isEntrySpan","decl":{"start":{"line":82,"column":31},"end":{"line":82,"column":42}},"loc":{"start":{"line":82,"column":49},"end":{"line":84,"column":1}},"line":82},"1":{"name":"isExitSpan","decl":{"start":{"line":91,"column":30},"end":{"line":91,"column":40}},"loc":{"start":{"line":91,"column":47},"end":{"line":93,"column":1}},"line":91},"2":{"name":"isIntermediateSpan","decl":{"start":{"line":100,"column":38},"end":{"line":100,"column":56}},"loc":{"start":{"line":100,"column":63},"end":{"line":102,"column":1}},"line":100}},"branchMap":{"0":{"loc":{"start":{"line":83,"column":9},"end":{"line":83,"column":41}},"type":"binary-expr","locations":[{"start":{"line":83,"column":9},"end":{"line":83,"column":13}},{"start":{"line":83,"column":17},"end":{"line":83,"column":41}}],"line":83},"1":{"loc":{"start":{"line":92,"column":9},"end":{"line":92,"column":40}},"type":"binary-expr","locations":[{"start":{"line":92,"column":9},"end":{"line":92,"column":13}},{"start":{"line":92,"column":17},"end":{"line":92,"column":40}}],"line":92},"2":{"loc":{"start":{"line":101,"column":9},"end":{"line":101,"column":48}},"type":"binary-expr","locations":[{"start":{"line":101,"column":9},"end":{"line":101,"column":13}},{"start":{"line":101,"column":17},"end":{"line":101,"column":48}}],"line":101}},"s":{"0":1,"1":1,"2":1,"3":1,"4":1,"5":1,"6":1,"7":1,"8":1,"9":1,"10":1,"11":1,"12":1,"13":1,"14":1,"15":1,"16":1,"17":1,"18":1,"19":1,"20":1,"21":1,"22":1,"23":1,"24":1,"25":1,"26":1,"27":1,"28":1,"29":1,"30":1,"31":0,"32":1,"33":0,"34":1,"35":0},"f":{"0":0,"1":0,"2":0},"b":{"0":[0,0],"1":[0,0],"2":[0,0]},"_coverageSchema":"1a1c01bbd47fc00a2c39e90264f33305004495a9","hash":"6af0f6c93838db9879118ea0fbb0b83325feb8d1","contentHash":"930796971d8bb0baa24c4493e9d972359d8f5ba1aaf06fe64bc634b3284ec23d"},"/Users/kirrg001/dev/instana/nodejs/packages/core/src/uninstrumentedHttp.js":{"path":"/Users/kirrg001/dev/instana/nodejs/packages/core/src/uninstrumentedHttp.js","statementMap":{"0":{"start":{"line":8,"column":13},"end":{"line":8,"column":28}},"1":{"start":{"line":9,"column":14},"end":{"line":9,"column":30}},"2":{"start":{"line":18,"column":0},"end":{"line":21,"column":2}},"3":{"start":{"line":23,"column":0},"end":{"line":23,"column":28}},"4":{"start":{"line":24,"column":0},"end":{"line":24,"column":36}},"5":{"start":{"line":25,"column":0},"end":{"line":25,"column":30}},"6":{"start":{"line":26,"column":0},"end":{"line":26,"column":38}},"7":{"start":{"line":28,"column":0},"end":{"line":32,"column":3}}},"fnMap":{},"branchMap":{},"s":{"0":1,"1":1,"2":1,"3":1,"4":1,"5":1,"6":1,"7":1},"f":{},"b":{},"_coverageSchema":"1a1c01bbd47fc00a2c39e90264f33305004495a9","hash":"715730e4a4e9a52e975e8a88e54aad4ebfbcd6dd","contentHash":"d2f726d3b7437ca447fadf40debf4dcb81ee34468b7477bef6be03bbef083023"},"/Users/kirrg001/dev/instana/nodejs/packages/core/src/uninstrumentedFs.js":{"path":"/Users/kirrg001/dev/instana/nodejs/packages/core/src/uninstrumentedFs.js","statementMap":{"0":{"start":{"line":8,"column":11},"end":{"line":8,"column":24}},"1":{"start":{"line":9,"column":13},"end":{"line":9,"column":34}},"2":{"start":{"line":10,"column":0},"end":{"line":10,"column":32}}},"fnMap":{},"branchMap":{},"s":{"0":1,"1":1,"2":1},"f":{},"b":{},"_coverageSchema":"1a1c01bbd47fc00a2c39e90264f33305004495a9","hash":"bb14a4ba8bc4efa62d51a43b7e912a0036025ebc","contentHash":"5a4553b6c6d7627df15c3b8b4c26dbbf3fbab4fa9abb1a88f29c0466d37cab85"},"/Users/kirrg001/dev/instana/nodejs/packages/core/src/metrics/index.js":{"path":"/Users/kirrg001/dev/instana/nodejs/packages/core/src/metrics/index.js","statementMap":{"0":{"start":{"line":8,"column":11},"end":{"line":8,"column":41}},"1":{"start":{"line":9,"column":13},"end":{"line":9,"column":28}},"2":{"start":{"line":19,"column":0},"end":{"line":21,"column":2}},"3":{"start":{"line":20,"column":2},"end":{"line":20,"column":19}},"4":{"start":{"line":42,"column":0},"end":{"line":55,"column":2}},"5":{"start":{"line":43,"column":2},"end":{"line":54,"column":4}},"6":{"start":{"line":49,"column":10},"end":{"line":51,"column":56}},"7":{"start":{"line":53,"column":25},"end":{"line":53,"column":64}},"8":{"start":{"line":58,"column":21},"end":{"line":58,"column":54}},"9":{"start":{"line":63,"column":0},"end":{"line":65,"column":2}},"10":{"start":{"line":64,"column":2},"end":{"line":64,"column":67}},"11":{"start":{"line":67,"column":0},"end":{"line":73,"column":2}},"12":{"start":{"line":68,"column":2},"end":{"line":72,"column":5}},"13":{"start":{"line":69,"column":4},"end":{"line":71,"column":5}},"14":{"start":{"line":70,"column":6},"end":{"line":70,"column":37}},"15":{"start":{"line":75,"column":0},"end":{"line":81,"column":2}},"16":{"start":{"line":76,"column":2},"end":{"line":80,"column":5}},"17":{"start":{"line":77,"column":4},"end":{"line":79,"column":5}},"18":{"start":{"line":78,"column":6},"end":{"line":78,"column":33}},"19":{"start":{"line":86,"column":0},"end":{"line":95,"column":2}},"20":{"start":{"line":88,"column":18},"end":{"line":88,"column":20}},"21":{"start":{"line":90,"column":2},"end":{"line":92,"column":5}},"22":{"start":{"line":91,"column":4},"end":{"line":91,"column":72}},"23":{"start":{"line":94,"column":2},"end":{"line":94,"column":17}},"24":{"start":{"line":100,"column":0},"end":{"line":106,"column":2}},"25":{"start":{"line":101,"column":2},"end":{"line":105,"column":5}},"26":{"start":{"line":102,"column":4},"end":{"line":104,"column":5}},"27":{"start":{"line":103,"column":6},"end":{"line":103,"column":37}}},"fnMap":{"0":{"name":"(anonymous_0)","decl":{"start":{"line":19,"column":15},"end":{"line":19,"column":16}},"loc":{"start":{"line":19,"column":26},"end":{"line":21,"column":1}},"line":19},"1":{"name":"findAndRequire","decl":{"start":{"line":42,"column":34},"end":{"line":42,"column":48}},"loc":{"start":{"line":42,"column":58},"end":{"line":55,"column":1}},"line":42},"2":{"name":"(anonymous_2)","decl":{"start":{"line":48,"column":8},"end":{"line":48,"column":9}},"loc":{"start":{"line":49,"column":10},"end":{"line":51,"column":56}},"line":49},"3":{"name":"(anonymous_3)","decl":{"start":{"line":53,"column":11},"end":{"line":53,"column":12}},"loc":{"start":{"line":53,"column":25},"end":{"line":53,"column":64}},"line":53},"4":{"name":"registerAdditionalMetrics","decl":{"start":{"line":63,"column":45},"end":{"line":63,"column":70}},"loc":{"start":{"line":63,"column":97},"end":{"line":65,"column":1}},"line":63},"5":{"name":"(anonymous_5)","decl":{"start":{"line":67,"column":19},"end":{"line":67,"column":20}},"loc":{"start":{"line":67,"column":25},"end":{"line":73,"column":1}},"line":67},"6":{"name":"(anonymous_6)","decl":{"start":{"line":68,"column":25},"end":{"line":68,"column":26}},"loc":{"start":{"line":68,"column":42},"end":{"line":72,"column":3}},"line":68},"7":{"name":"(anonymous_7)","decl":{"start":{"line":75,"column":21},"end":{"line":75,"column":22}},"loc":{"start":{"line":75,"column":27},"end":{"line":81,"column":1}},"line":75},"8":{"name":"(anonymous_8)","decl":{"start":{"line":76,"column":25},"end":{"line":76,"column":26}},"loc":{"start":{"line":76,"column":42},"end":{"line":80,"column":3}},"line":76},"9":{"name":"gatherData","decl":{"start":{"line":86,"column":30},"end":{"line":86,"column":40}},"loc":{"start":{"line":86,"column":43},"end":{"line":95,"column":1}},"line":86},"10":{"name":"(anonymous_10)","decl":{"start":{"line":90,"column":25},"end":{"line":90,"column":26}},"loc":{"start":{"line":90,"column":42},"end":{"line":92,"column":3}},"line":90},"11":{"name":"setLogger","decl":{"start":{"line":100,"column":29},"end":{"line":100,"column":38}},"loc":{"start":{"line":100,"column":47},"end":{"line":106,"column":1}},"line":100},"12":{"name":"(anonymous_12)","decl":{"start":{"line":101,"column":25},"end":{"line":101,"column":26}},"loc":{"start":{"line":101,"column":41},"end":{"line":105,"column":3}},"line":101}},"branchMap":{"0":{"loc":{"start":{"line":49,"column":10},"end":{"line":51,"column":56}},"type":"binary-expr","locations":[{"start":{"line":49,"column":10},"end":{"line":49,"column":61}},{"start":{"line":50,"column":10},"end":{"line":50,"column":44}},{"start":{"line":51,"column":10},"end":{"line":51,"column":56}}],"line":49},"1":{"loc":{"start":{"line":69,"column":4},"end":{"line":71,"column":5}},"type":"if","locations":[{"start":{"line":69,"column":4},"end":{"line":71,"column":5}},{"start":{"line":69,"column":4},"end":{"line":71,"column":5}}],"line":69},"2":{"loc":{"start":{"line":77,"column":4},"end":{"line":79,"column":5}},"type":"if","locations":[{"start":{"line":77,"column":4},"end":{"line":79,"column":5}},{"start":{"line":77,"column":4},"end":{"line":79,"column":5}}],"line":77},"3":{"loc":{"start":{"line":102,"column":4},"end":{"line":104,"column":5}},"type":"if","locations":[{"start":{"line":102,"column":4},"end":{"line":104,"column":5}},{"start":{"line":102,"column":4},"end":{"line":104,"column":5}}],"line":102}},"s":{"0":1,"1":1,"2":1,"3":0,"4":1,"5":2,"6":8,"7":5,"8":1,"9":1,"10":2,"11":1,"12":0,"13":0,"14":0,"15":1,"16":0,"17":0,"18":0,"19":1,"20":0,"21":0,"22":0,"23":0,"24":1,"25":1,"26":22,"27":8},"f":{"0":0,"1":2,"2":8,"3":5,"4":2,"5":0,"6":0,"7":0,"8":0,"9":0,"10":0,"11":1,"12":22},"b":{"0":[8,8,6],"1":[0,0],"2":[0,0],"3":[8,14]},"_coverageSchema":"1a1c01bbd47fc00a2c39e90264f33305004495a9","hash":"43afdf52cd3e6045698176407d6a619787497ff0","contentHash":"0686a88e90bdb4e49bd20c9f6088a576f4212b1e6fe44041027ba3ac88bc186d"},"/Users/kirrg001/dev/instana/nodejs/packages/core/src/metrics/sensorVersion.js":{"path":"/Users/kirrg001/dev/instana/nodejs/packages/core/src/metrics/sensorVersion.js","statementMap":{"0":{"start":{"line":8,"column":13},"end":{"line":8,"column":28}},"1":{"start":{"line":10,"column":0},"end":{"line":10,"column":40}},"2":{"start":{"line":11,"column":0},"end":{"line":11,"column":80}}},"fnMap":{},"branchMap":{},"s":{"0":1,"1":1,"2":1},"f":{},"b":{},"_coverageSchema":"1a1c01bbd47fc00a2c39e90264f33305004495a9","hash":"3cc8fd4004360f11cf5cf7df6efa648c0b71a52f","contentHash":"59706b78dc6373bec6fb4a9db52334950ab00929b3675de4923859905002725f"},"/Users/kirrg001/dev/instana/nodejs/packages/core/src/metrics/startTime.js":{"path":"/Users/kirrg001/dev/instana/nodejs/packages/core/src/metrics/startTime.js","statementMap":{"0":{"start":{"line":8,"column":0},"end":{"line":8,"column":36}},"1":{"start":{"line":9,"column":0},"end":{"line":9,"column":62}}},"fnMap":{},"branchMap":{},"s":{"0":1,"1":1},"f":{},"b":{},"_coverageSchema":"1a1c01bbd47fc00a2c39e90264f33305004495a9","hash":"bd38ab704dc35c8da8ac56779be1a57ca0c7471b","contentHash":"2bf8fbc068ac03300a4407f3402d6d4342e6b7ae41cbdc06c4c4f389e0b87283"},"/Users/kirrg001/dev/instana/nodejs/packages/core/src/metrics/versions.js":{"path":"/Users/kirrg001/dev/instana/nodejs/packages/core/src/metrics/versions.js","statementMap":{"0":{"start":{"line":8,"column":0},"end":{"line":8,"column":35}},"1":{"start":{"line":9,"column":0},"end":{"line":9,"column":42}}},"fnMap":{},"branchMap":{},"s":{"0":1,"1":1},"f":{},"b":{},"_coverageSchema":"1a1c01bbd47fc00a2c39e90264f33305004495a9","hash":"fbb4d419dbd17e404391ee80cf35c2ff22deac7b","contentHash":"49461e50b1e1f604629ab147840fec9973560d8e7198667650905ec71c0e90c9"},"/Users/kirrg001/dev/instana/nodejs/packages/core/src/secrets.js":{"path":"/Users/kirrg001/dev/instana/nodejs/packages/core/src/secrets.js","statementMap":{"0":{"start":{"line":10,"column":0},"end":{"line":12,"column":3}},"1":{"start":{"line":11,"column":2},"end":{"line":11,"column":21}},"2":{"start":{"line":14,"column":27},"end":{"line":14,"column":49}},"3":{"start":{"line":15,"column":23},"end":{"line":15,"column":48}},"4":{"start":{"line":28,"column":0},"end":{"line":150,"column":2}},"5":{"start":{"line":34,"column":4},"end":{"line":34,"column":35}},"6":{"start":{"line":35,"column":4},"end":{"line":45,"column":6}},"7":{"start":{"line":36,"column":6},"end":{"line":38,"column":7}},"8":{"start":{"line":37,"column":8},"end":{"line":37,"column":21}},"9":{"start":{"line":39,"column":6},"end":{"line":43,"column":7}},"10":{"start":{"line":39,"column":19},"end":{"line":39,"column":20}},"11":{"start":{"line":40,"column":8},"end":{"line":42,"column":9}},"12":{"start":{"line":41,"column":10},"end":{"line":41,"column":22}},"13":{"start":{"line":44,"column":6},"end":{"line":44,"column":19}},"14":{"start":{"line":53,"column":4},"end":{"line":53,"column":36}},"15":{"start":{"line":54,"column":4},"end":{"line":64,"column":6}},"16":{"start":{"line":55,"column":6},"end":{"line":57,"column":7}},"17":{"start":{"line":56,"column":8},"end":{"line":56,"column":21}},"18":{"start":{"line":58,"column":6},"end":{"line":62,"column":7}},"19":{"start":{"line":58,"column":19},"end":{"line":58,"column":20}},"20":{"start":{"line":59,"column":8},"end":{"line":61,"column":9}},"21":{"start":{"line":60,"column":10},"end":{"line":60,"column":22}},"22":{"start":{"line":63,"column":6},"end":{"line":63,"column":19}},"23":{"start":{"line":72,"column":4},"end":{"line":72,"column":35}},"24":{"start":{"line":73,"column":4},"end":{"line":83,"column":6}},"25":{"start":{"line":74,"column":6},"end":{"line":76,"column":7}},"26":{"start":{"line":75,"column":8},"end":{"line":75,"column":21}},"27":{"start":{"line":77,"column":6},"end":{"line":81,"column":7}},"28":{"start":{"line":77,"column":19},"end":{"line":77,"column":20}},"29":{"start":{"line":78,"column":8},"end":{"line":80,"column":9}},"30":{"start":{"line":79,"column":10},"end":{"line":79,"column":22}},"31":{"start":{"line":82,"column":6},"end":{"line":82,"column":19}},"32":{"start":{"line":91,"column":4},"end":{"line":91,"column":36}},"33":{"start":{"line":92,"column":4},"end":{"line":102,"column":6}},"34":{"start":{"line":93,"column":6},"end":{"line":95,"column":7}},"35":{"start":{"line":94,"column":8},"end":{"line":94,"column":21}},"36":{"start":{"line":96,"column":6},"end":{"line":100,"column":7}},"37":{"start":{"line":96,"column":19},"end":{"line":96,"column":20}},"38":{"start":{"line":97,"column":8},"end":{"line":99,"column":9}},"39":{"start":{"line":98,"column":10},"end":{"line":98,"column":22}},"40":{"start":{"line":101,"column":6},"end":{"line":101,"column":19}},"41":{"start":{"line":110,"column":4},"end":{"line":110,"column":36}},"42":{"start":{"line":112,"column":20},"end":{"line":112,"column":22}},"43":{"start":{"line":113,"column":4},"end":{"line":130,"column":7}},"44":{"start":{"line":114,"column":6},"end":{"line":129,"column":7}},"45":{"start":{"line":117,"column":8},"end":{"line":119,"column":9}},"46":{"start":{"line":118,"column":10},"end":{"line":118,"column":42}},"47":{"start":{"line":120,"column":8},"end":{"line":122,"column":9}},"48":{"start":{"line":121,"column":10},"end":{"line":121,"column":29}},"49":{"start":{"line":123,"column":8},"end":{"line":123,"column":46}},"50":{"start":{"line":125,"column":8},"end":{"line":128,"column":10}},"51":{"start":{"line":132,"column":4},"end":{"line":142,"column":6}},"52":{"start":{"line":133,"column":6},"end":{"line":135,"column":7}},"53":{"start":{"line":134,"column":8},"end":{"line":134,"column":21}},"54":{"start":{"line":136,"column":6},"end":{"line":140,"column":7}},"55":{"start":{"line":136,"column":19},"end":{"line":136,"column":20}},"56":{"start":{"line":137,"column":8},"end":{"line":139,"column":9}},"57":{"start":{"line":138,"column":10},"end":{"line":138,"column":22}},"58":{"start":{"line":141,"column":6},"end":{"line":141,"column":19}},"59":{"start":{"line":146,"column":4},"end":{"line":148,"column":6}},"60":{"start":{"line":147,"column":6},"end":{"line":147,"column":19}},"61":{"start":{"line":153,"column":23},"end":{"line":153,"column":75}},"62":{"start":{"line":160,"column":2},"end":{"line":162,"column":3}},"63":{"start":{"line":161,"column":4},"end":{"line":161,"column":26}},"64":{"start":{"line":164,"column":18},"end":{"line":164,"column":20}},"65":{"start":{"line":165,"column":2},"end":{"line":171,"column":5}},"66":{"start":{"line":166,"column":4},"end":{"line":170,"column":5}},"67":{"start":{"line":167,"column":6},"end":{"line":167,"column":22}},"68":{"start":{"line":169,"column":6},"end":{"line":169,"column":116}},"69":{"start":{"line":172,"column":2},"end":{"line":172,"column":17}},"70":{"start":{"line":179,"column":2},"end":{"line":181,"column":3}},"71":{"start":{"line":180,"column":4},"end":{"line":180,"column":26}},"72":{"start":{"line":183,"column":18},"end":{"line":183,"column":20}},"73":{"start":{"line":184,"column":2},"end":{"line":190,"column":5}},"74":{"start":{"line":185,"column":4},"end":{"line":189,"column":5}},"75":{"start":{"line":186,"column":6},"end":{"line":186,"column":36}},"76":{"start":{"line":188,"column":6},"end":{"line":188,"column":116}},"77":{"start":{"line":191,"column":2},"end":{"line":191,"column":17}},"78":{"start":{"line":199,"column":0},"end":{"line":201,"column":2}},"79":{"start":{"line":200,"column":2},"end":{"line":200,"column":31}},"80":{"start":{"line":217,"column":0},"end":{"line":219,"column":2}},"81":{"start":{"line":218,"column":2},"end":{"line":218,"column":91}},"82":{"start":{"line":225,"column":0},"end":{"line":235,"column":2}},"83":{"start":{"line":226,"column":2},"end":{"line":234,"column":3}},"84":{"start":{"line":227,"column":4},"end":{"line":227,"column":108}},"85":{"start":{"line":228,"column":9},"end":{"line":234,"column":3}},"86":{"start":{"line":229,"column":4},"end":{"line":229,"column":99}},"87":{"start":{"line":230,"column":9},"end":{"line":234,"column":3}},"88":{"start":{"line":231,"column":4},"end":{"line":231,"column":107}},"89":{"start":{"line":233,"column":4},"end":{"line":233,"column":64}}},"fnMap":{"0":{"name":"(anonymous_0)","decl":{"start":{"line":10,"column":50},"end":{"line":10,"column":51}},"loc":{"start":{"line":10,"column":63},"end":{"line":12,"column":1}},"line":10},"1":{"name":"createEqualsIgnoreCaseMatcher","decl":{"start":{"line":33,"column":33},"end":{"line":33,"column":62}},"loc":{"start":{"line":33,"column":72},"end":{"line":46,"column":3}},"line":33},"2":{"name":"isSecret","decl":{"start":{"line":35,"column":20},"end":{"line":35,"column":28}},"loc":{"start":{"line":35,"column":34},"end":{"line":45,"column":5}},"line":35},"3":{"name":"createEqualsMatcher","decl":{"start":{"line":52,"column":19},"end":{"line":52,"column":38}},"loc":{"start":{"line":52,"column":48},"end":{"line":65,"column":3}},"line":52},"4":{"name":"isSecret","decl":{"start":{"line":54,"column":20},"end":{"line":54,"column":28}},"loc":{"start":{"line":54,"column":34},"end":{"line":64,"column":5}},"line":54},"5":{"name":"createContainsIgnoreCaseMatcher","decl":{"start":{"line":71,"column":35},"end":{"line":71,"column":66}},"loc":{"start":{"line":71,"column":76},"end":{"line":84,"column":3}},"line":71},"6":{"name":"isSecret","decl":{"start":{"line":73,"column":20},"end":{"line":73,"column":28}},"loc":{"start":{"line":73,"column":34},"end":{"line":83,"column":5}},"line":73},"7":{"name":"createContainsMatcher","decl":{"start":{"line":90,"column":21},"end":{"line":90,"column":42}},"loc":{"start":{"line":90,"column":52},"end":{"line":103,"column":3}},"line":90},"8":{"name":"isSecret","decl":{"start":{"line":92,"column":20},"end":{"line":92,"column":28}},"loc":{"start":{"line":92,"column":34},"end":{"line":102,"column":5}},"line":92},"9":{"name":"createRegexMatcher","decl":{"start":{"line":109,"column":18},"end":{"line":109,"column":36}},"loc":{"start":{"line":109,"column":46},"end":{"line":143,"column":3}},"line":109},"10":{"name":"(anonymous_10)","decl":{"start":{"line":113,"column":20},"end":{"line":113,"column":21}},"loc":{"start":{"line":113,"column":35},"end":{"line":130,"column":5}},"line":113},"11":{"name":"isSecret","decl":{"start":{"line":132,"column":20},"end":{"line":132,"column":28}},"loc":{"start":{"line":132,"column":34},"end":{"line":142,"column":5}},"line":132},"12":{"name":"createNoOpMatcher","decl":{"start":{"line":145,"column":17},"end":{"line":145,"column":34}},"loc":{"start":{"line":145,"column":37},"end":{"line":149,"column":3}},"line":145},"13":{"name":"isSecret","decl":{"start":{"line":146,"column":20},"end":{"line":146,"column":28}},"loc":{"start":{"line":146,"column":31},"end":{"line":148,"column":5}},"line":146},"14":{"name":"checkSecrets","decl":{"start":{"line":159,"column":9},"end":{"line":159,"column":21}},"loc":{"start":{"line":159,"column":41},"end":{"line":173,"column":1}},"line":159},"15":{"name":"(anonymous_15)","decl":{"start":{"line":165,"column":28},"end":{"line":165,"column":29}},"loc":{"start":{"line":165,"column":33},"end":{"line":171,"column":3}},"line":165},"16":{"name":"toLowerCase","decl":{"start":{"line":178,"column":9},"end":{"line":178,"column":20}},"loc":{"start":{"line":178,"column":40},"end":{"line":192,"column":1}},"line":178},"17":{"name":"(anonymous_17)","decl":{"start":{"line":184,"column":28},"end":{"line":184,"column":29}},"loc":{"start":{"line":184,"column":33},"end":{"line":190,"column":3}},"line":184},"18":{"name":"isSecret","decl":{"start":{"line":199,"column":28},"end":{"line":199,"column":36}},"loc":{"start":{"line":199,"column":42},"end":{"line":201,"column":1}},"line":199},"19":{"name":"init","decl":{"start":{"line":217,"column":24},"end":{"line":217,"column":28}},"loc":{"start":{"line":217,"column":37},"end":{"line":219,"column":1}},"line":217},"20":{"name":"setMatcher","decl":{"start":{"line":225,"column":30},"end":{"line":225,"column":40}},"loc":{"start":{"line":225,"column":65},"end":{"line":235,"column":1}},"line":225}},"branchMap":{"0":{"loc":{"start":{"line":36,"column":6},"end":{"line":38,"column":7}},"type":"if","locations":[{"start":{"line":36,"column":6},"end":{"line":38,"column":7}},{"start":{"line":36,"column":6},"end":{"line":38,"column":7}}],"line":36},"1":{"loc":{"start":{"line":36,"column":10},"end":{"line":36,"column":48}},"type":"binary-expr","locations":[{"start":{"line":36,"column":10},"end":{"line":36,"column":21}},{"start":{"line":36,"column":25},"end":{"line":36,"column":48}}],"line":36},"2":{"loc":{"start":{"line":40,"column":8},"end":{"line":42,"column":9}},"type":"if","locations":[{"start":{"line":40,"column":8},"end":{"line":42,"column":9}},{"start":{"line":40,"column":8},"end":{"line":42,"column":9}}],"line":40},"3":{"loc":{"start":{"line":55,"column":6},"end":{"line":57,"column":7}},"type":"if","locations":[{"start":{"line":55,"column":6},"end":{"line":57,"column":7}},{"start":{"line":55,"column":6},"end":{"line":57,"column":7}}],"line":55},"4":{"loc":{"start":{"line":55,"column":10},"end":{"line":55,"column":48}},"type":"binary-expr","locations":[{"start":{"line":55,"column":10},"end":{"line":55,"column":21}},{"start":{"line":55,"column":25},"end":{"line":55,"column":48}}],"line":55},"5":{"loc":{"start":{"line":59,"column":8},"end":{"line":61,"column":9}},"type":"if","locations":[{"start":{"line":59,"column":8},"end":{"line":61,"column":9}},{"start":{"line":59,"column":8},"end":{"line":61,"column":9}}],"line":59},"6":{"loc":{"start":{"line":74,"column":6},"end":{"line":76,"column":7}},"type":"if","locations":[{"start":{"line":74,"column":6},"end":{"line":76,"column":7}},{"start":{"line":74,"column":6},"end":{"line":76,"column":7}}],"line":74},"7":{"loc":{"start":{"line":74,"column":10},"end":{"line":74,"column":48}},"type":"binary-expr","locations":[{"start":{"line":74,"column":10},"end":{"line":74,"column":21}},{"start":{"line":74,"column":25},"end":{"line":74,"column":48}}],"line":74},"8":{"loc":{"start":{"line":78,"column":8},"end":{"line":80,"column":9}},"type":"if","locations":[{"start":{"line":78,"column":8},"end":{"line":80,"column":9}},{"start":{"line":78,"column":8},"end":{"line":80,"column":9}}],"line":78},"9":{"loc":{"start":{"line":93,"column":6},"end":{"line":95,"column":7}},"type":"if","locations":[{"start":{"line":93,"column":6},"end":{"line":95,"column":7}},{"start":{"line":93,"column":6},"end":{"line":95,"column":7}}],"line":93},"10":{"loc":{"start":{"line":93,"column":10},"end":{"line":93,"column":48}},"type":"binary-expr","locations":[{"start":{"line":93,"column":10},"end":{"line":93,"column":21}},{"start":{"line":93,"column":25},"end":{"line":93,"column":48}}],"line":93},"11":{"loc":{"start":{"line":97,"column":8},"end":{"line":99,"column":9}},"type":"if","locations":[{"start":{"line":97,"column":8},"end":{"line":99,"column":9}},{"start":{"line":97,"column":8},"end":{"line":99,"column":9}}],"line":97},"12":{"loc":{"start":{"line":117,"column":8},"end":{"line":119,"column":9}},"type":"if","locations":[{"start":{"line":117,"column":8},"end":{"line":119,"column":9}},{"start":{"line":117,"column":8},"end":{"line":119,"column":9}}],"line":117},"13":{"loc":{"start":{"line":120,"column":8},"end":{"line":122,"column":9}},"type":"if","locations":[{"start":{"line":120,"column":8},"end":{"line":122,"column":9}},{"start":{"line":120,"column":8},"end":{"line":122,"column":9}}],"line":120},"14":{"loc":{"start":{"line":133,"column":6},"end":{"line":135,"column":7}},"type":"if","locations":[{"start":{"line":133,"column":6},"end":{"line":135,"column":7}},{"start":{"line":133,"column":6},"end":{"line":135,"column":7}}],"line":133},"15":{"loc":{"start":{"line":133,"column":10},"end":{"line":133,"column":48}},"type":"binary-expr","locations":[{"start":{"line":133,"column":10},"end":{"line":133,"column":21}},{"start":{"line":133,"column":25},"end":{"line":133,"column":48}}],"line":133},"16":{"loc":{"start":{"line":137,"column":8},"end":{"line":139,"column":9}},"type":"if","locations":[{"start":{"line":137,"column":8},"end":{"line":139,"column":9}},{"start":{"line":137,"column":8},"end
[...]
olumn":3}}],"line":74},"6":{"loc":{"start":{"line":74,"column":6},"end":{"line":74,"column":74}},"type":"binary-expr","locations":[{"start":{"line":74,"column":6},"end":{"line":74,"column":32}},{"start":{"line":74,"column":36},"end":{"line":74,"column":74}}],"line":74},"7":{"loc":{"start":{"line":81,"column":4},"end":{"line":86,"column":5}},"type":"if","locations":[{"start":{"line":81,"column":4},"end":{"line":86,"column":5}},{"start":{"line":81,"column":4},"end":{"line":86,"column":5}}],"line":81},"8":{"loc":{"start":{"line":88,"column":2},"end":{"line":90,"column":3}},"type":"if","locations":[{"start":{"line":88,"column":2},"end":{"line":90,"column":3}},{"start":{"line":88,"column":2},"end":{"line":90,"column":3}}],"line":88},"9":{"loc":{"start":{"line":104,"column":2},"end":{"line":106,"column":3}},"type":"if","locations":[{"start":{"line":104,"column":2},"end":{"line":106,"column":3}},{"start":{"line":104,"column":2},"end":{"line":106,"column":3}}],"line":104},"10":{"loc":{"start":{"line":122,"column":2},"end":{"line":124,"column":3}},"type":"if","locations":[{"start":{"line":122,"column":2},"end":{"line":124,"column":3}},{"start":{"line":122,"column":2},"end":{"line":124,"column":3}}],"line":122},"11":{"loc":{"start":{"line":122,"column":6},"end":{"line":122,"column":117}},"type":"binary-expr","locations":[{"start":{"line":122,"column":6},"end":{"line":122,"column":32}},{"start":{"line":122,"column":36},"end":{"line":122,"column":74}},{"start":{"line":122,"column":78},"end":{"line":122,"column":86}},{"start":{"line":122,"column":90},"end":{"line":122,"column":117}}],"line":122},"12":{"loc":{"start":{"line":135,"column":6},"end":{"line":140,"column":7}},"type":"if","locations":[{"start":{"line":135,"column":6},"end":{"line":140,"column":7}},{"start":{"line":135,"column":6},"end":{"line":140,"column":7}}],"line":135},"13":{"loc":{"start":{"line":136,"column":36},"end":{"line":138,"column":33}},"type":"cond-expr","locations":[{"start":{"line":137,"column":12},"end":{"line":137,"column":44}},{"start":{"line":138,"column":12},"end":{"line":138,"column":33}}],"line":136},"14":{"loc":{"start":{"line":143,"column":2},"end":{"line":145,"column":3}},"type":"if","locations":[{"start":{"line":143,"column":2},"end":{"line":145,"column":3}},{"start":{"line":143,"column":2},"end":{"line":145,"column":3}}],"line":143},"15":{"loc":{"start":{"line":213,"column":2},"end":{"line":215,"column":3}},"type":"if","locations":[{"start":{"line":213,"column":2},"end":{"line":215,"column":3}},{"start":{"line":213,"column":2},"end":{"line":215,"column":3}}],"line":213},"16":{"loc":{"start":{"line":236,"column":2},"end":{"line":238,"column":3}},"type":"if","locations":[{"start":{"line":236,"column":2},"end":{"line":238,"column":3}},{"start":{"line":236,"column":2},"end":{"line":238,"column":3}}],"line":236},"17":{"loc":{"start":{"line":236,"column":6},"end":{"line":236,"column":86}},"type":"binary-expr","locations":[{"start":{"line":236,"column":6},"end":{"line":236,"column":32}},{"start":{"line":236,"column":36},"end":{"line":236,"column":74}},{"start":{"line":236,"column":78},"end":{"line":236,"column":86}}],"line":236},"18":{"loc":{"start":{"line":264,"column":2},"end":{"line":266,"column":3}},"type":"if","locations":[{"start":{"line":264,"column":2},"end":{"line":266,"column":3}},{"start":{"line":264,"column":2},"end":{"line":266,"column":3}}],"line":264},"19":{"loc":{"start":{"line":264,"column":6},"end":{"line":264,"column":86}},"type":"binary-expr","locations":[{"start":{"line":264,"column":6},"end":{"line":264,"column":32}},{"start":{"line":264,"column":36},"end":{"line":264,"column":74}},{"start":{"line":264,"column":78},"end":{"line":264,"column":86}}],"line":264},"20":{"loc":{"start":{"line":275,"column":6},"end":{"line":277,"column":7}},"type":"if","locations":[{"start":{"line":275,"column":6},"end":{"line":277,"column":7}},{"start":{"line":275,"column":6},"end":{"line":277,"column":7}}],"line":275},"21":{"loc":{"start":{"line":297,"column":2},"end":{"line":299,"column":3}},"type":"if","locations":[{"start":{"line":297,"column":2},"end":{"line":299,"column":3}},{"start":{"line":297,"column":2},"end":{"line":299,"column":3}}],"line":297},"22":{"loc":{"start":{"line":297,"column":6},"end":{"line":297,"column":74}},"type":"binary-expr","locations":[{"start":{"line":297,"column":6},"end":{"line":297,"column":32}},{"start":{"line":297,"column":36},"end":{"line":297,"column":74}}],"line":297},"23":{"loc":{"start":{"line":306,"column":4},"end":{"line":315,"column":5}},"type":"if","locations":[{"start":{"line":306,"column":4},"end":{"line":315,"column":5}},{"start":{"line":306,"column":4},"end":{"line":315,"column":5}}],"line":306},"24":{"loc":{"start":{"line":309,"column":11},"end":{"line":315,"column":5}},"type":"if","locations":[{"start":{"line":309,"column":11},"end":{"line":315,"column":5}},{"start":{"line":309,"column":11},"end":{"line":315,"column":5}}],"line":309},"25":{"loc":{"start":{"line":312,"column":11},"end":{"line":315,"column":5}},"type":"if","locations":[{"start":{"line":312,"column":11},"end":{"line":315,"column":5}},{"start":{"line":312,"column":11},"end":{"line":315,"column":5}}],"line":312},"26":{"loc":{"start":{"line":317,"column":2},"end":{"line":319,"column":3}},"type":"if","locations":[{"start":{"line":317,"column":2},"end":{"line":319,"column":3}},{"start":{"line":317,"column":2},"end":{"line":319,"column":3}}],"line":317},"27":{"loc":{"start":{"line":321,"column":2},"end":{"line":325,"column":3}},"type":"if","locations":[{"start":{"line":321,"column":2},"end":{"line":325,"column":3}},{"start":{"line":321,"column":2},"end":{"line":325,"column":3}}],"line":321},"28":{"loc":{"start":{"line":321,"column":6},"end":{"line":321,"column":54}},"type":"binary-expr","locations":[{"start":{"line":321,"column":6},"end":{"line":321,"column":33}},{"start":{"line":321,"column":37},"end":{"line":321,"column":54}}],"line":321},"29":{"loc":{"start":{"line":323,"column":9},"end":{"line":325,"column":3}},"type":"if","locations":[{"start":{"line":323,"column":9},"end":{"line":325,"column":3}},{"start":{"line":323,"column":9},"end":{"line":325,"column":3}}],"line":323}},"s":{"0":1,"1":0,"2":1,"3":0,"4":0,"5":0,"6":0,"7":0,"8":0,"9":0,"10":0,"11":0,"12":0,"13":0,"14":0,"15":0,"16":0,"17":0,"18":0,"19":0,"20":1,"21":0,"22":0,"23":0,"24":0,"25":0,"26":0,"27":0,"28":0,"29":0,"30":0,"31":0,"32":0,"33":0,"34":1,"35":0,"36":0,"37":0,"38":1,"39":0,"40":0,"41":0,"42":0,"43":0,"44":0,"45":0,"46":0,"47":0,"48":0,"49":0,"50":0,"51":0,"52":0,"53":0,"54":0,"55":0,"56":1,"57":0,"58":0,"59":1,"60":0,"61":1,"62":0,"63":0,"64":0,"65":0,"66":1,"67":0,"68":0,"69":0,"70":0,"71":1,"72":0,"73":0,"74":0,"75":0,"76":0,"77":0,"78":0,"79":0,"80":0,"81":0,"82":0,"83":0,"84":0,"85":0,"86":0,"87":0,"88":0,"89":0,"90":0,"91":0,"92":0,"93":0,"94":0,"95":0,"96":0,"97":0,"98":0,"99":0,"100":0,"101":0,"102":0,"103":0,"104":0,"105":0},"f":{"0":0,"1":0,"2":0,"3":0,"4":0,"5":0,"6":0,"7":0,"8":0,"9":0,"10":0,"11":0,"12":0,"13":0,"14":0,"15":0,"16":0},"b":{"0":[0,0],"1":[0,0],"2":[0,0],"3":[0,0],"4":[0,0],"5":[0,0],"6":[0,0],"7":[0,0],"8":[0,0],"9":[0,0],"10":[0,0],"11":[0,0,0,0],"12":[0,0],"13":[0,0],"14":[0,0],"15":[0,0],"16":[0,0],"17":[0,0,0],"18":[0,0],"19":[0,0,0],"20":[0,0],"21":[0,0],"22":[0,0],"23":[0,0],"24":[0,0],"25":[0,0],"26":[0,0],"27":[0,0],"28":[0,0],"29":[0,0]},"_coverageSchema":"1a1c01bbd47fc00a2c39e90264f33305004495a9","hash":"77885ec25e5ac5585fa953bd361aba3097f73a64","contentHash":"1a6e9f65aebe4636dc557f3602f226fd7bdbb5111f6117054600ddbd7ab3a783"},"/Users/kirrg001/dev/instana/nodejs/packages/core/src/util/url.js":{"path":"/Users/kirrg001/dev/instana/nodejs/packages/core/src/util/url.js","statementMap":{"0":{"start":{"line":8,"column":12},"end":{"line":8,"column":26}},"1":{"start":{"line":9,"column":16},"end":{"line":9,"column":37}},"2":{"start":{"line":15,"column":0},"end":{"line":35,"column":2}},"3":{"start":{"line":17,"column":2},"end":{"line":30,"column":3}},"4":{"start":{"line":20,"column":14},"end":{"line":20,"column":34}},"5":{"start":{"line":21,"column":4},"end":{"line":23,"column":5}},"6":{"start":{"line":22,"column":6},"end":{"line":22,"column":23}},"7":{"start":{"line":25,"column":4},"end":{"line":27,"column":67}},"8":{"start":{"line":29,"column":4},"end":{"line":29,"column":21}},"9":{"start":{"line":33,"column":27},"end":{"line":33,"column":79}},"10":{"start":{"line":34,"column":2},"end":{"line":34,"column":54}},"11":{"start":{"line":43,"column":2},"end":{"line":43,"column":38}},"12":{"start":{"line":53,"column":16},"end":{"line":53,"column":40}},"13":{"start":{"line":54,"column":2},"end":{"line":54,"column":48}},"14":{"start":{"line":60,"column":0},"end":{"line":77,"column":2}},"15":{"start":{"line":61,"column":2},"end":{"line":63,"column":3}},"16":{"start":{"line":62,"column":4},"end":{"line":62,"column":21}},"17":{"start":{"line":64,"column":2},"end":{"line":66,"column":3}},"18":{"start":{"line":65,"column":4},"end":{"line":65,"column":23}},"19":{"start":{"line":67,"column":2},"end":{"line":76,"column":15}},"20":{"start":{"line":70,"column":18},"end":{"line":70,"column":37}},"21":{"start":{"line":71,"column":6},"end":{"line":73,"column":7}},"22":{"start":{"line":72,"column":8},"end":{"line":72,"column":35}},"23":{"start":{"line":74,"column":6},"end":{"line":74,"column":19}},"24":{"start":{"line":85,"column":0},"end":{"line":91,"column":2}},"25":{"start":{"line":86,"column":16},"end":{"line":86,"column":34}},"26":{"start":{"line":87,"column":2},"end":{"line":89,"column":3}},"27":{"start":{"line":88,"column":4},"end":{"line":88,"column":42}},"28":{"start":{"line":90,"column":2},"end":{"line":90,"column":14}},"29":{"start":{"line":99,"column":0},"end":{"line":104,"column":2}},"30":{"start":{"line":100,"column":2},"end":{"line":102,"column":3}},"31":{"start":{"line":101,"column":4},"end":{"line":101,"column":36}},"32":{"start":{"line":103,"column":2},"end":{"line":103,"column":21}}},"fnMap":{"0":{"name":"sanitizeUrl","decl":{"start":{"line":15,"column":31},"end":{"line":15,"column":42}},"loc":{"start":{"line":15,"column":54},"end":{"line":35,"column":1}},"line":15},"1":{"name":"nullToEmptyString","decl":{"start":{"line":42,"column":9},"end":{"line":42,"column":26}},"loc":{"start":{"line":42,"column":35},"end":{"line":44,"column":1}},"line":42},"2":{"name":"getCharCountUntilOccurenceOfChar","decl":{"start":{"line":52,"column":9},"end":{"line":52,"column":41}},"loc":{"start":{"line":52,"column":60},"end":{"line":55,"column":1}},"line":52},"3":{"name":"filterParams","decl":{"start":{"line":60,"column":32},"end":{"line":60,"column":44}},"loc":{"start":{"line":60,"column":58},"end":{"line":77,"column":1}},"line":60},"4":{"name":"(anonymous_4)","decl":{"start":{"line":69,"column":9},"end":{"line":69,"column":10}},"loc":{"start":{"line":69,"column":18},"end":{"line":75,"column":5}},"line":69},"5":{"name":"splitAndFilter","decl":{"start":{"line":85,"column":34},"end":{"line":85,"column":48}},"loc":{"start":{"line":85,"column":58},"end":{"line":91,"column":1}},"line":85},"6":{"name":"dropLeadingQuestionMark","decl":{"start":{"line":99,"column":43},"end":{"line":99,"column":66}},"loc":{"start":{"line":99,"column":80},"end":{"line":104,"column":1}},"line":99}},"branchMap":{"0":{"loc":{"start":{"line":21,"column":4},"end":{"line":23,"column":5}},"type":"if","locations":[{"start":{"line":21,"column":4},"end":{"line":23,"column":5}},{"start":{"line":21,"column":4},"end":{"line":23,"column":5}}],"line":21},"1":{"loc":{"start":{"line":21,"column":8},"end":{"line":21,"column":66}},"type":"binary-expr","locations":[{"start":{"line":21,"column":8},"end":{"line":21,"column":26}},{"start":{"line":21,"column":30},"end":{"line":21,"column":44}},{"start":{"line":21,"column":48},"end":{"line":21,"column":66}}],"line":21},"2":{"loc":{"start":{"line":25,"column":55},"end":{"line":25,"column":103}},"type":"cond-expr","locations":[{"start":{"line":25,"column":94},"end":{"line":25,"column":98}},{"start":{"line":25,"column":101},"end":{"line":25,"column":103}}],"line":25},"3":{"loc":{"start":{"line":25,"column":55},"end":{"line":25,"column":91}},"type":"binary-expr","locations":[{"start":{"line":25,"column":55},"end":{"line":25,"column":73}},{"start":{"line":25,"column":77},"end":{"line":25,"column":91}}],"line":25},"4":{"loc":{"start":{"line":26,"column":6},"end":{"line":26,"column":52}},"type":"cond-expr","locations":[{"start":{"line":26,"column":23},"end":{"line":26,"column":47}},{"start":{"line":26,"column":50},"end":{"line":26,"column":52}}],"line":26},"5":{"loc":{"start":{"line":43,"column":9},"end":{"line":43,"column":37}},"type":"cond-expr","locations":[{"start":{"line":43,"column":26},"end":{"line":43,"column":28}},{"start":{"line":43,"column":31},"end":{"line":43,"column":37}}],"line":43},"6":{"loc":{"start":{"line":54,"column":9},"end":{"line":54,"column":47}},"type":"cond-expr","locations":[{"start":{"line":54,"column":24},"end":{"line":54,"column":39}},{"start":{"line":54,"column":42},"end":{"line":54,"column":47}}],"line":54},"7":{"loc":{"start":{"line":61,"column":2},"end":{"line":63,"column":3}},"type":"if","locations":[{"start":{"line":61,"column":2},"end":{"line":63,"column":3}},{"start":{"line":61,"column":2},"end":{"line":63,"column":3}}],"line":61},"8":{"loc":{"start":{"line":61,"column":6},"end":{"line":61,"column":40}},"type":"binary-expr","locations":[{"start":{"line":61,"column":6},"end":{"line":61,"column":18}},{"start":{"line":61,"column":22},"end":{"line":61,"column":40}}],"line":61},"9":{"loc":{"start":{"line":64,"column":2},"end":{"line":66,"column":3}},"type":"if","locations":[{"start":{"line":64,"column":2},"end":{"line":66,"column":3}},{"start":{"line":64,"column":2},"end":{"line":66,"column":3}}],"line":64},"10":{"loc":{"start":{"line":71,"column":6},"end":{"line":73,"column":7}},"type":"if","locations":[{"start":{"line":71,"column":6},"end":{"line":73,"column":7}},{"start":{"line":71,"column":6},"end":{"line":73,"column":7}}],"line":71},"11":{"loc":{"start":{"line":71,"column":10},"end":{"line":71,"column":38}},"type":"binary-expr","locations":[{"start":{"line":71,"column":10},"end":{"line":71,"column":13}},{"start":{"line":71,"column":17},"end":{"line":71,"column":38}}],"line":71},"12":{"loc":{"start":{"line":87,"column":2},"end":{"line":89,"column":3}},"type":"if","locations":[{"start":{"line":87,"column":2},"end":{"line":89,"column":3}},{"start":{"line":87,"column":2},"end":{"line":89,"column":3}}],"line":87},"13":{"loc":{"start":{"line":100,"column":2},"end":{"line":102,"column":3}},"type":"if","locations":[{"start":{"line":100,"column":2},"end":{"line":102,"column":3}},{"start":{"line":100,"column":2},"end":{"line":102,"column":3}}],"line":100},"14":{"loc":{"start":{"line":100,"column":6},"end":{"line":100,"column":50}},"type":"binary-expr","locations":[{"start":{"line":100,"column":6},"end":{"line":100,"column":17}},{"start":{"line":100,"column":21},"end":{"line":100,"column":50}}],"line":100}},"s":{"0":1,"1":1,"2":1,"3":0,"4":0,"5":0,"6":0,"7":0,"8":0,"9":0,"10":0,"11":0,"12":0,"13":0,"14":1,"15":0,"16":0,"17":0,"18":0,"19":0,"20":0,"21":0,"22":0,"23":0,"24":1,"25":0,"26":0,"27":0,"28":0,"29":1,"30":0,"31":0,"32":0},"f":{"0":0,"1":0,"2":0,"3":0,"4":0,"5":0,"6":0},"b":{"0":[0,0],"1":[0,0,0],"2":[0,0],"3":[0,0],"4":[0,0],"5":[0,0],"6":[0,0],"7":[0,0],"8":[0,0],"9":[0,0],"10":[0,0],"11":[0,0],"12":[0,0],"13":[0,0],"14":[0,0]},"_coverageSchema":"1a1c01bbd47fc00a2c39e90264f33305004495a9","hash":"5921f45ffd92e0ed143b30241dc3ee3e97b3a97c","contentHash":"abf62aaf84fec7f53384c3f154ac29ac6ea22d0a03827b5590e095060a606cd6"},"/Users/kirrg001/dev/instana/nodejs/packages/collector/src/util/normalizeConfig.js":{"path":"/Users/kirrg001/dev/instana/nodejs/packages/collector/src/util/normalizeConfig.js","statementMap":{"0":{"start":{"line":10,"column":17},"end":{"line":17,"column":1}},"1":{"start":{"line":35,"column":0},"end":{"line":51,"column":2}},"2":{"start":{"line":36,"column":2},"end":{"line":36,"column":94}},"3":{"start":{"line":37,"column":2},"end":{"line":37,"column":116}},"4":{"start":{"line":38,"column":2},"end":{"line":38,"column":102}},"5":{"start":{"line":40,"column":2},"end":{"line":40,"column":40}},"6":{"start":{"line":42,"column":2},"end":{"line":44,"column":3}},"7":{"start":{"line":43,"column":4},"end":{"line":43,"column":72}},"8":{"start":{"line":46,"column":2},"end":{"line":48,"column":3}},"9":{"start":{"line":47,"column":4},"end":{"line":47,"column":52}},"10":{"start":{"line":50,"column":2},"end":{"line":50,"column":16}},"11":{"start":{"line":59,"column":2},"end":{"line":61,"column":3}},"12":{"start":{"line":60,"column":4},"end":{"line":60,"column":24}},"13":{"start":{"line":62,"column":2},"end":{"line":62,"column":30}},"14":{"start":{"line":63,"column":2},"end":{"line":65,"column":3}},"15":{"start":{"line":64,"column":4},"end":{"line":64,"column":39}},"16":{"start":{"line":66,"column":2},"end":{"line":66,"column":22}}},"fnMap":{"0":{"name":"normalizeConfig","decl":{"start":{"line":35,"column":26},"end":{"line":35,"column":41}},"loc":{"start":{"line":35,"column":55},"end":{"line":51,"column":1}},"line":35},"1":{"name":"parseToPositiveInteger","decl":{"start":{"line":58,"column":9},"end":{"line":58,"column":31}},"loc":{"start":{"line":58,"column":53},"end":{"line":67,"column":1}},"line":58}},"branchMap":{"0":{"loc":{"start":{"line":35,"column":42},"end":{"line":35,"column":53}},"type":"default-arg","locations":[{"start":{"line":35,"column":51},"end":{"line":35,"column":53}}],"line":35},"1":{"loc":{"start":{"line":36,"column":21},"end":{"line":36,"column":93}},"type":"binary-expr","locations":[{"start":{"line":36,"column":21},"end":{"line":36,"column":37}},{"start":{"line":36,"column":41},"end":{"line":36,"column":71}},{"start":{"line":36,"column":75},"end":{"line":36,"column":93}}],"line":36},"2":{"loc":{"start":{"line":37,"column":21},"end":{"line":37,"column":115}},"type":"binary-expr","locations":[{"start":{"line":37,"column":21},"end":{"line":37,"column":37}},{"start":{"line":37,"column":41},"end":{"line":37,"column":115}}],"line":37},"3":{"loc":{"start":{"line":38,"column":23},"end":{"line":38,"column":101}},"type":"binary-expr","locations":[{"start":{"line":38,"column":23},"end":{"line":38,"column":41}},{"start":{"line":38,"column":45},"end":{"line":38,"column":77}},{"start":{"line":38,"column":81},"end":{"line":38,"column":101}}],"line":38},"4":{"loc":{"start":{"line":40,"column":19},"end":{"line":40,"column":39}},"type":"binary-expr","locations":[{"start":{"line":40,"column":19},"end":{"line":40,"column":33}},{"start":{"line":40,"column":37},"end":{"line":40,"column":39}}],"line":40},"5":{"loc":{"start":{"line":42,"column":2},"end":{"line":44,"column":3}},"type":"if","locations":[{"start":{"line":42,"column":2},"end":{"line":44,"column":3}},{"start":{"line":42,"column":2},"end":{"line":44,"column":3}}],"line":42},"6":{"loc":{"start":{"line":46,"column":2},"end":{"line":48,"column":3}},"type":"if","locations":[{"start":{"line":46,"column":2},"end":{"line":48,"column":3}},{"start":{"line":46,"column":2},"end":{"line":48,"column":3}}],"line":46},"7":{"loc":{"start":{"line":59,"column":2},"end":{"line":61,"column":3}},"type":"if","locations":[{"start":{"line":59,"column":2},"end":{"line":61,"column":3}},{"start":{"line":59,"column":2},"end":{"line":61,"column":3}}],"line":59},"8":{"loc":{"start":{"line":63,"column":2},"end":{"line":65,"column":3}},"type":"if","locations":[{"start":{"line":63,"column":2},"end":{"line":65,"column":3}},{"start":{"line":63,"column":2},"end":{"line":65,"column":3}}],"line":63}},"s":{"0":1,"1":1,"2":0,"3":0,"4":0,"5":0,"6":0,"7":0,"8":0,"9":0,"10":0,"11":0,"12":0,"13":0,"14":0,"15":0,"16":0},"f":{"0":0,"1":0},"b":{"0":[0],"1":[0,0,0],"2":[0,0],"3":[0,0,0],"4":[0,0],"5":[0,0],"6":[0,0],"7":[0,0],"8":[0,0]},"_coverageSchema":"1a1c01bbd47fc00a2c39e90264f33305004495a9","hash":"c4774acbf6878dc86b13bde803939ee9f1911163","contentHash":"5b369fc154e47b265b4632b88d3543b3ee535bfcf2333dd52fcd3b0efd91b6e5"}}